{"D:\\Programs_VScode\\RS-School-React\\firsttask\\setupTest.ts": {"path":"D:\\Programs_VScode\\RS-School-React\\firsttask\\setupTest.ts","all":true,"statementMap":{"0":{"start":{"line":1,"column":0},"end":{"line":1,"column":43}},"1":{"start":{"line":2,"column":0},"end":{"line":2,"column":49}},"2":{"start":{"line":3,"column":0},"end":{"line":3,"column":58}},"4":{"start":{"line":5,"column":0},"end":{"line":5,"column":24}},"6":{"start":{"line":7,"column":0},"end":{"line":7,"column":17}},"7":{"start":{"line":8,"column":0},"end":{"line":8,"column":12}},"8":{"start":{"line":9,"column":0},"end":{"line":9,"column":3}}},"s":{"0":0,"1":0,"2":0,"4":0,"6":0,"7":0,"8":0},"branchMap":{"0":{"type":"branch","line":1,"loc":{"start":{"line":1,"column":222},"end":{"line":9,"column":3}},"locations":[{"start":{"line":1,"column":222},"end":{"line":9,"column":3}}]}},"b":{"0":[0]},"fnMap":{"0":{"name":"(empty-report)","decl":{"start":{"line":1,"column":222},"end":{"line":9,"column":3}},"loc":{"start":{"line":1,"column":222},"end":{"line":9,"column":3}},"line":1}},"f":{"0":0}}
,"D:\\Programs_VScode\\RS-School-React\\firsttask\\src\\App.test.tsx": {"path":"D:\\Programs_VScode\\RS-School-React\\firsttask\\src\\App.test.tsx","all":false,"statementMap":{"0":{"start":{"line":1,"column":0},"end":{"line":1,"column":56}},"1":{"start":{"line":2,"column":0},"end":{"line":2,"column":46}},"2":{"start":{"line":3,"column":0},"end":{"line":3,"column":35}},"3":{"start":{"line":4,"column":0},"end":{"line":4,"column":24}},"4":{"start":{"line":5,"column":0},"end":{"line":5,"column":39}},"5":{"start":{"line":6,"column":0},"end":{"line":6,"column":38}},"6":{"start":{"line":7,"column":0},"end":{"line":7,"column":59}},"7":{"start":{"line":8,"column":0},"end":{"line":8,"column":54}},"9":{"start":{"line":10,"column":0},"end":{"line":10,"column":33}},"10":{"start":{"line":11,"column":0},"end":{"line":11,"column":40}},"11":{"start":{"line":12,"column":0},"end":{"line":12,"column":11}},"12":{"start":{"line":13,"column":0},"end":{"line":13,"column":30}},"13":{"start":{"line":14,"column":0},"end":{"line":14,"column":16}},"14":{"start":{"line":15,"column":0},"end":{"line":15,"column":25}},"15":{"start":{"line":16,"column":0},"end":{"line":16,"column":19}},"16":{"start":{"line":17,"column":0},"end":{"line":17,"column":26}},"17":{"start":{"line":18,"column":0},"end":{"line":18,"column":17}},"18":{"start":{"line":19,"column":0},"end":{"line":19,"column":18}},"19":{"start":{"line":20,"column":0},"end":{"line":20,"column":6}},"20":{"start":{"line":21,"column":0},"end":{"line":21,"column":60}},"21":{"start":{"line":22,"column":0},"end":{"line":22,"column":5}},"22":{"start":{"line":23,"column":0},"end":{"line":23,"column":3}}},"s":{"0":1,"1":1,"2":1,"3":1,"4":1,"5":1,"6":1,"7":1,"9":1,"10":1,"11":1,"12":1,"13":1,"14":1,"15":1,"16":1,"17":1,"18":1,"19":1,"20":1,"21":1,"22":1},"branchMap":{"0":{"type":"branch","line":10,"loc":{"start":{"line":10,"column":26},"end":{"line":23,"column":3}},"locations":[{"start":{"line":10,"column":26},"end":{"line":23,"column":3}}]},"1":{"type":"branch","line":11,"loc":{"start":{"line":11,"column":33},"end":{"line":22,"column":3}},"locations":[{"start":{"line":11,"column":33},"end":{"line":22,"column":3}}]}},"b":{"0":[1],"1":[1]},"fnMap":{},"f":{}}
,"D:\\Programs_VScode\\RS-School-React\\firsttask\\src\\App.tsx": {"path":"D:\\Programs_VScode\\RS-School-React\\firsttask\\src\\App.tsx","all":false,"statementMap":{"0":{"start":{"line":1,"column":0},"end":{"line":1,"column":46}},"1":{"start":{"line":2,"column":0},"end":{"line":2,"column":55}},"2":{"start":{"line":3,"column":0},"end":{"line":3,"column":57}},"3":{"start":{"line":4,"column":0},"end":{"line":4,"column":61}},"4":{"start":{"line":5,"column":0},"end":{"line":5,"column":69}},"6":{"start":{"line":7,"column":0},"end":{"line":7,"column":38}},"7":{"start":{"line":8,"column":0},"end":{"line":8,"column":48}},"8":{"start":{"line":9,"column":0},"end":{"line":9,"column":56}},"9":{"start":{"line":10,"column":0},"end":{"line":10,"column":48}},"10":{"start":{"line":11,"column":0},"end":{"line":11,"column":57}},"12":{"start":{"line":13,"column":0},"end":{"line":13,"column":29}},"13":{"start":{"line":14,"column":0},"end":{"line":14,"column":33}},"15":{"start":{"line":16,"column":0},"end":{"line":16,"column":53}},"16":{"start":{"line":17,"column":0},"end":{"line":17,"column":66}},"18":{"start":{"line":19,"column":0},"end":{"line":19,"column":48}},"19":{"start":{"line":20,"column":0},"end":{"line":20,"column":65}},"21":{"start":{"line":22,"column":0},"end":{"line":22,"column":19}},"22":{"start":{"line":23,"column":0},"end":{"line":23,"column":50}},"23":{"start":{"line":24,"column":0},"end":{"line":24,"column":20}},"24":{"start":{"line":25,"column":0},"end":{"line":25,"column":12}},"25":{"start":{"line":26,"column":0},"end":{"line":26,"column":21}},"26":{"start":{"line":27,"column":0},"end":{"line":27,"column":5}},"27":{"start":{"line":28,"column":0},"end":{"line":28,"column":17}},"29":{"start":{"line":30,"column":0},"end":{"line":30,"column":10}},"30":{"start":{"line":31,"column":0},"end":{"line":31,"column":67}},"31":{"start":{"line":32,"column":0},"end":{"line":32,"column":40}},"32":{"start":{"line":33,"column":0},"end":{"line":33,"column":24}},"33":{"start":{"line":34,"column":0},"end":{"line":34,"column":23}},"34":{"start":{"line":35,"column":0},"end":{"line":35,"column":23}},"35":{"start":{"line":36,"column":0},"end":{"line":36,"column":83}},"36":{"start":{"line":37,"column":0},"end":{"line":37,"column":27}},"37":{"start":{"line":38,"column":0},"end":{"line":38,"column":22}},"38":{"start":{"line":39,"column":0},"end":{"line":39,"column":16}},"39":{"start":{"line":40,"column":0},"end":{"line":40,"column":20}},"40":{"start":{"line":41,"column":0},"end":{"line":41,"column":24}},"41":{"start":{"line":42,"column":0},"end":{"line":42,"column":12}},"42":{"start":{"line":43,"column":0},"end":{"line":43,"column":11}},"44":{"start":{"line":45,"column":0},"end":{"line":45,"column":2}},"46":{"start":{"line":47,"column":0},"end":{"line":47,"column":19}}},"s":{"0":1,"1":1,"2":1,"3":1,"4":1,"6":1,"7":1,"8":1,"9":1,"10":1,"12":1,"13":1,"15":1,"16":1,"18":1,"19":1,"21":1,"22":1,"23":0,"24":1,"25":1,"26":1,"27":1,"29":1,"30":1,"31":1,"32":1,"33":1,"34":1,"35":1,"36":1,"37":1,"38":1,"39":1,"40":1,"41":1,"42":1,"44":1,"46":1},"branchMap":{"0":{"type":"branch","line":13,"loc":{"start":{"line":13,"column":22},"end":{"line":45,"column":2}},"locations":[{"start":{"line":13,"column":22},"end":{"line":45,"column":2}}]},"1":{"type":"branch","line":20,"loc":{"start":{"line":20,"column":44},"end":{"line":20,"column":65}},"locations":[{"start":{"line":20,"column":44},"end":{"line":20,"column":65}}]},"2":{"type":"branch","line":31,"loc":{"start":{"line":31,"column":21},"end":{"line":31,"column":49}},"locations":[{"start":{"line":31,"column":21},"end":{"line":31,"column":49}}]},"3":{"type":"branch","line":36,"loc":{"start":{"line":36,"column":51},"end":{"line":36,"column":77}},"locations":[{"start":{"line":36,"column":51},"end":{"line":36,"column":77}}]},"4":{"type":"branch","line":17,"loc":{"start":{"line":17,"column":36},"end":{"line":17,"column":64}},"locations":[{"start":{"line":17,"column":36},"end":{"line":17,"column":64}}]},"5":{"type":"branch","line":22,"loc":{"start":{"line":22,"column":12},"end":{"line":28,"column":5}},"locations":[{"start":{"line":22,"column":12},"end":{"line":28,"column":5}}]},"6":{"type":"branch","line":23,"loc":{"start":{"line":23,"column":49},"end":{"line":25,"column":11}},"locations":[{"start":{"line":23,"column":49},"end":{"line":25,"column":11}}]}},"b":{"0":[1],"1":[0],"2":[0],"3":[0],"4":[5],"5":[1],"6":[0]},"fnMap":{"0":{"name":"App","decl":{"start":{"line":13,"column":22},"end":{"line":45,"column":2}},"loc":{"start":{"line":13,"column":22},"end":{"line":45,"column":2}},"line":13}},"f":{"0":1}}
,"D:\\Programs_VScode\\RS-School-React\\firsttask\\src\\api\\recipeApi.ts": {"path":"D:\\Programs_VScode\\RS-School-React\\firsttask\\src\\api\\recipeApi.ts","all":false,"statementMap":{"0":{"start":{"line":1,"column":0},"end":{"line":1,"column":73}},"8":{"start":{"line":9,"column":0},"end":{"line":9,"column":36}},"9":{"start":{"line":10,"column":0},"end":{"line":10,"column":27}},"10":{"start":{"line":11,"column":0},"end":{"line":11,"column":74}},"11":{"start":{"line":12,"column":0},"end":{"line":12,"column":28}},"12":{"start":{"line":13,"column":0},"end":{"line":13,"column":63}},"13":{"start":{"line":14,"column":0},"end":{"line":14,"column":96}},"14":{"start":{"line":15,"column":0},"end":{"line":15,"column":7}},"15":{"start":{"line":16,"column":0},"end":{"line":16,"column":62}},"16":{"start":{"line":17,"column":0},"end":{"line":17,"column":30}},"17":{"start":{"line":18,"column":0},"end":{"line":18,"column":7}},"18":{"start":{"line":19,"column":0},"end":{"line":19,"column":5}},"19":{"start":{"line":20,"column":0},"end":{"line":20,"column":3}},"21":{"start":{"line":22,"column":0},"end":{"line":22,"column":78}}},"s":{"0":1,"8":1,"9":1,"10":1,"11":1,"12":5,"13":5,"14":5,"15":5,"16":5,"17":5,"18":5,"19":1,"21":1},"branchMap":{"0":{"type":"branch","line":12,"loc":{"start":{"line":12,"column":13},"end":{"line":19,"column":5}},"locations":[{"start":{"line":12,"column":13},"end":{"line":19,"column":5}}]},"1":{"type":"branch","line":14,"loc":{"start":{"line":14,"column":13},"end":{"line":14,"column":96}},"locations":[{"start":{"line":14,"column":13},"end":{"line":14,"column":96}}]}},"b":{"0":[5],"1":[3]},"fnMap":{"0":{"name":"endpoints","decl":{"start":{"line":12,"column":13},"end":{"line":19,"column":5}},"loc":{"start":{"line":12,"column":13},"end":{"line":19,"column":5}},"line":12},"1":{"name":"query","decl":{"start":{"line":14,"column":13},"end":{"line":14,"column":96}},"loc":{"start":{"line":14,"column":13},"end":{"line":14,"column":96}},"line":14},"2":{"name":"query","decl":{"start":{"line":17,"column":13},"end":{"line":17,"column":30}},"loc":{"start":{"line":17,"column":13},"end":{"line":17,"column":30}},"line":17}},"f":{"0":5,"1":3,"2":0}}
,"D:\\Programs_VScode\\RS-School-React\\firsttask\\src\\components\\ErrorBoundary\\ErrorBoundary.tsx": {"path":"D:\\Programs_VScode\\RS-School-React\\firsttask\\src\\components\\ErrorBoundary\\ErrorBoundary.tsx","all":false,"statementMap":{"0":{"start":{"line":1,"column":0},"end":{"line":1,"column":56}},"1":{"start":{"line":2,"column":0},"end":{"line":2,"column":29}},"11":{"start":{"line":12,"column":0},"end":{"line":12,"column":79}},"12":{"start":{"line":13,"column":0},"end":{"line":13,"column":42}},"13":{"start":{"line":14,"column":0},"end":{"line":14,"column":17}},"14":{"start":{"line":15,"column":0},"end":{"line":15,"column":37}},"15":{"start":{"line":16,"column":0},"end":{"line":16,"column":3}},"17":{"start":{"line":18,"column":0},"end":{"line":18,"column":57}},"18":{"start":{"line":19,"column":0},"end":{"line":19,"column":30}},"19":{"start":{"line":20,"column":0},"end":{"line":20,"column":3}},"20":{"start":{"line":21,"column":0},"end":{"line":21,"column":58}},"21":{"start":{"line":22,"column":0},"end":{"line":22,"column":66}},"22":{"start":{"line":23,"column":0},"end":{"line":23,"column":3}},"24":{"start":{"line":25,"column":0},"end":{"line":25,"column":26}},"25":{"start":{"line":26,"column":0},"end":{"line":26,"column":39}},"26":{"start":{"line":27,"column":0},"end":{"line":27,"column":4}},"28":{"start":{"line":29,"column":0},"end":{"line":29,"column":12}},"29":{"start":{"line":30,"column":0},"end":{"line":30,"column":30}},"30":{"start":{"line":31,"column":0},"end":{"line":31,"column":14}},"31":{"start":{"line":32,"column":0},"end":{"line":32,"column":40}},"32":{"start":{"line":33,"column":0},"end":{"line":33,"column":49}},"33":{"start":{"line":34,"column":0},"end":{"line":34,"column":66}},"34":{"start":{"line":35,"column":0},"end":{"line":35,"column":14}},"36":{"start":{"line":37,"column":0},"end":{"line":37,"column":5}},"38":{"start":{"line":39,"column":0},"end":{"line":39,"column":31}},"39":{"start":{"line":40,"column":0},"end":{"line":40,"column":3}},"40":{"start":{"line":41,"column":0},"end":{"line":41,"column":1}},"42":{"start":{"line":43,"column":0},"end":{"line":43,"column":29}}},"s":{"0":1,"1":1,"11":1,"12":1,"13":1,"14":1,"15":1,"17":1,"18":0,"19":0,"20":1,"21":0,"22":0,"24":1,"25":0,"26":0,"28":1,"29":1,"30":0,"31":0,"32":0,"33":0,"34":0,"36":0,"38":1,"39":1,"40":1,"42":1},"branchMap":{"0":{"type":"branch","line":13,"loc":{"start":{"line":13,"column":2},"end":{"line":16,"column":3}},"locations":[{"start":{"line":13,"column":2},"end":{"line":16,"column":3}}]},"1":{"type":"branch","line":29,"loc":{"start":{"line":29,"column":2},"end":{"line":40,"column":3}},"locations":[{"start":{"line":29,"column":2},"end":{"line":40,"column":3}}]},"2":{"type":"branch","line":30,"loc":{"start":{"line":30,"column":29},"end":{"line":37,"column":5}},"locations":[{"start":{"line":30,"column":29},"end":{"line":37,"column":5}}]}},"b":{"0":[1],"1":[1],"2":[0]},"fnMap":{"0":{"name":"ErrorBoundary","decl":{"start":{"line":13,"column":2},"end":{"line":16,"column":3}},"loc":{"start":{"line":13,"column":2},"end":{"line":16,"column":3}},"line":13},"1":{"name":"ErrorBoundary.handleTryAgain","decl":{"start":{"line":25,"column":19},"end":{"line":27,"column":4}},"loc":{"start":{"line":25,"column":19},"end":{"line":27,"column":4}},"line":25},"2":{"name":"getDerivedStateFromError","decl":{"start":{"line":18,"column":9},"end":{"line":20,"column":3}},"loc":{"start":{"line":18,"column":9},"end":{"line":20,"column":3}},"line":18},"3":{"name":"componentDidCatch","decl":{"start":{"line":21,"column":2},"end":{"line":23,"column":3}},"loc":{"start":{"line":21,"column":2},"end":{"line":23,"column":3}},"line":21},"4":{"name":"render","decl":{"start":{"line":29,"column":2},"end":{"line":40,"column":3}},"loc":{"start":{"line":29,"column":2},"end":{"line":40,"column":3}},"line":29}},"f":{"0":1,"1":0,"2":0,"3":0,"4":1}}
,"D:\\Programs_VScode\\RS-School-React\\firsttask\\src\\components\\Favourite\\Favourite.tsx": {"path":"D:\\Programs_VScode\\RS-School-React\\firsttask\\src\\components\\Favourite\\Favourite.tsx","all":false,"statementMap":{"0":{"start":{"line":1,"column":0},"end":{"line":1,"column":26}},"1":{"start":{"line":2,"column":0},"end":{"line":2,"column":52}},"2":{"start":{"line":3,"column":0},"end":{"line":3,"column":60}},"4":{"start":{"line":5,"column":0},"end":{"line":5,"column":44}},"12":{"start":{"line":13,"column":0},"end":{"line":13,"column":91}},"13":{"start":{"line":14,"column":0},"end":{"line":14,"column":55}},"14":{"start":{"line":15,"column":0},"end":{"line":15,"column":66}},"15":{"start":{"line":16,"column":0},"end":{"line":16,"column":74}},"17":{"start":{"line":18,"column":0},"end":{"line":18,"column":74}},"18":{"start":{"line":19,"column":0},"end":{"line":19,"column":27}},"19":{"start":{"line":20,"column":0},"end":{"line":20,"column":22}},"20":{"start":{"line":21,"column":0},"end":{"line":21,"column":62}},"21":{"start":{"line":22,"column":0},"end":{"line":22,"column":12}},"22":{"start":{"line":23,"column":0},"end":{"line":23,"column":59}},"23":{"start":{"line":24,"column":0},"end":{"line":24,"column":5}},"24":{"start":{"line":25,"column":0},"end":{"line":25,"column":4}},"26":{"start":{"line":27,"column":0},"end":{"line":27,"column":10}},"27":{"start":{"line":28,"column":0},"end":{"line":28,"column":37}},"28":{"start":{"line":29,"column":0},"end":{"line":29,"column":13}},"29":{"start":{"line":30,"column":0},"end":{"line":30,"column":32}},"30":{"start":{"line":31,"column":0},"end":{"line":31,"column":84}},"32":{"start":{"line":33,"column":0},"end":{"line":33,"column":34}},"33":{"start":{"line":34,"column":0},"end":{"line":34,"column":15}},"34":{"start":{"line":35,"column":0},"end":{"line":35,"column":10}},"36":{"start":{"line":37,"column":0},"end":{"line":37,"column":2}},"38":{"start":{"line":39,"column":0},"end":{"line":39,"column":25}}},"s":{"0":1,"1":1,"2":1,"4":1,"12":1,"13":13,"14":13,"15":13,"17":13,"18":2,"19":2,"20":1,"21":1,"22":1,"23":1,"24":2,"26":13,"27":13,"28":13,"29":13,"30":13,"32":13,"33":13,"34":13,"36":13,"38":1},"branchMap":{"0":{"type":"branch","line":13,"loc":{"start":{"line":13,"column":45},"end":{"line":37,"column":2}},"locations":[{"start":{"line":13,"column":45},"end":{"line":37,"column":2}}]},"1":{"type":"branch","line":31,"loc":{"start":{"line":31,"column":48},"end":{"line":31,"column":79}},"locations":[{"start":{"line":31,"column":48},"end":{"line":31,"column":79}}]},"2":{"type":"branch","line":31,"loc":{"start":{"line":31,"column":69},"end":{"line":31,"column":81}},"locations":[{"start":{"line":31,"column":69},"end":{"line":31,"column":81}}]},"3":{"type":"branch","line":33,"loc":{"start":{"line":33,"column":9},"end":{"line":33,"column":30}},"locations":[{"start":{"line":33,"column":9},"end":{"line":33,"column":30}}]},"4":{"type":"branch","line":33,"loc":{"start":{"line":33,"column":23},"end":{"line":33,"column":34}},"locations":[{"start":{"line":33,"column":23},"end":{"line":33,"column":34}}]},"5":{"type":"branch","line":15,"loc":{"start":{"line":15,"column":40},"end":{"line":15,"column":64}},"locations":[{"start":{"line":15,"column":40},"end":{"line":15,"column":64}}]},"6":{"type":"branch","line":16,"loc":{"start":{"line":16,"column":38},"end":{"line":16,"column":72}},"locations":[{"start":{"line":16,"column":38},"end":{"line":16,"column":72}}]},"7":{"type":"branch","line":18,"loc":{"start":{"line":18,"column":25},"end":{"line":25,"column":4}},"locations":[{"start":{"line":18,"column":25},"end":{"line":25,"column":4}}]},"8":{"type":"branch","line":20,"loc":{"start":{"line":20,"column":21},"end":{"line":24,"column":5}},"locations":[{"start":{"line":20,"column":21},"end":{"line":24,"column":5}}]}},"b":{"0":[13],"1":[2],"2":[11],"3":[2],"4":[11],"5":[18],"6":[2],"7":[2],"8":[1]},"fnMap":{"0":{"name":"Favourite","decl":{"start":{"line":13,"column":45},"end":{"line":37,"column":2}},"loc":{"start":{"line":13,"column":45},"end":{"line":37,"column":2}},"line":13},"1":{"name":"handleFavorite","decl":{"start":{"line":18,"column":25},"end":{"line":25,"column":4}},"loc":{"start":{"line":18,"column":25},"end":{"line":25,"column":4}},"line":18}},"f":{"0":13,"1":2}}
,"D:\\Programs_VScode\\RS-School-React\\firsttask\\src\\components\\Favourite\\favourite.test.tsx": {"path":"D:\\Programs_VScode\\RS-School-React\\firsttask\\src\\components\\Favourite\\favourite.test.tsx","all":false,"statementMap":{"0":{"start":{"line":1,"column":0},"end":{"line":1,"column":61}},"1":{"start":{"line":2,"column":0},"end":{"line":2,"column":67}},"2":{"start":{"line":3,"column":0},"end":{"line":3,"column":62}},"3":{"start":{"line":4,"column":0},"end":{"line":4,"column":39}},"4":{"start":{"line":5,"column":0},"end":{"line":5,"column":42}},"5":{"start":{"line":6,"column":0},"end":{"line":6,"column":61}},"6":{"start":{"line":7,"column":0},"end":{"line":7,"column":66}},"7":{"start":{"line":8,"column":0},"end":{"line":8,"column":35}},"10":{"start":{"line":11,"column":0},"end":{"line":11,"column":32}},"11":{"start":{"line":12,"column":0},"end":{"line":12,"column":35}},"20":{"start":{"line":21,"column":0},"end":{"line":21,"column":39}},"21":{"start":{"line":22,"column":0},"end":{"line":22,"column":25}},"22":{"start":{"line":23,"column":0},"end":{"line":23,"column":10}},"23":{"start":{"line":24,"column":0},"end":{"line":24,"column":21}},"24":{"start":{"line":25,"column":0},"end":{"line":25,"column":39}},"25":{"start":{"line":26,"column":0},"end":{"line":26,"column":50}},"26":{"start":{"line":27,"column":0},"end":{"line":27,"column":4}},"28":{"start":{"line":29,"column":0},"end":{"line":29,"column":20}},"29":{"start":{"line":30,"column":0},"end":{"line":30,"column":32}},"30":{"start":{"line":31,"column":0},"end":{"line":31,"column":35}},"31":{"start":{"line":32,"column":0},"end":{"line":32,"column":53}},"32":{"start":{"line":33,"column":0},"end":{"line":33,"column":5}},"34":{"start":{"line":35,"column":0},"end":{"line":35,"column":33}},"35":{"start":{"line":36,"column":0},"end":{"line":36,"column":11}},"36":{"start":{"line":37,"column":0},"end":{"line":37,"column":30}},"37":{"start":{"line":38,"column":0},"end":{"line":38,"column":40}},"38":{"start":{"line":39,"column":0},"end":{"line":39,"column":18}},"39":{"start":{"line":40,"column":0},"end":{"line":40,"column":6}},"41":{"start":{"line":42,"column":0},"end":{"line":42,"column":59}},"42":{"start":{"line":43,"column":0},"end":{"line":43,"column":5}},"44":{"start":{"line":45,"column":0},"end":{"line":45,"column":69}},"45":{"start":{"line":46,"column":0},"end":{"line":46,"column":11}},"46":{"start":{"line":47,"column":0},"end":{"line":47,"column":30}},"47":{"start":{"line":48,"column":0},"end":{"line":48,"column":40}},"48":{"start":{"line":49,"column":0},"end":{"line":49,"column":18}},"49":{"start":{"line":50,"column":0},"end":{"line":50,"column":6}},"51":{"start":{"line":52,"column":0},"end":{"line":52,"column":62}},"52":{"start":{"line":53,"column":0},"end":{"line":53,"column":5}},"54":{"start":{"line":55,"column":0},"end":{"line":55,"column":65}},"55":{"start":{"line":56,"column":0},"end":{"line":56,"column":62}},"57":{"start":{"line":58,"column":0},"end":{"line":58,"column":11}},"58":{"start":{"line":59,"column":0},"end":{"line":59,"column":30}},"59":{"start":{"line":60,"column":0},"end":{"line":60,"column":40}},"60":{"start":{"line":61,"column":0},"end":{"line":61,"column":18}},"61":{"start":{"line":62,"column":0},"end":{"line":62,"column":6}},"63":{"start":{"line":64,"column":0},"end":{"line":64,"column":63}},"64":{"start":{"line":65,"column":0},"end":{"line":65,"column":5}},"66":{"start":{"line":67,"column":0},"end":{"line":67,"column":93}},"67":{"start":{"line":68,"column":0},"end":{"line":68,"column":11}},"68":{"start":{"line":69,"column":0},"end":{"line":69,"column":30}},"69":{"start":{"line":70,"column":0},"end":{"line":70,"column":40}},"70":{"start":{"line":71,"column":0},"end":{"line":71,"column":18}},"71":{"start":{"line":72,"column":0},"end":{"line":72,"column":6}},"73":{"start":{"line":74,"column":0},"end":{"line":74,"column":48}},"75":{"start":{"line":76,"column":0},"end":{"line":76,"column":64}},"76":{"start":{"line":77,"column":0},"end":{"line":77,"column":5}},"78":{"start":{"line":79,"column":0},"end":{"line":79,"column":92}},"79":{"start":{"line":80,"column":0},"end":{"line":80,"column":62}},"81":{"start":{"line":82,"column":0},"end":{"line":82,"column":11}},"82":{"start":{"line":83,"column":0},"end":{"line":83,"column":30}},"83":{"start":{"line":84,"column":0},"end":{"line":84,"column":40}},"84":{"start":{"line":85,"column":0},"end":{"line":85,"column":18}},"85":{"start":{"line":86,"column":0},"end":{"line":86,"column":6}},"87":{"start":{"line":88,"column":0},"end":{"line":88,"column":48}},"89":{"start":{"line":90,"column":0},"end":{"line":90,"column":67}},"90":{"start":{"line":91,"column":0},"end":{"line":91,"column":5}},"91":{"start":{"line":92,"column":0},"end":{"line":92,"column":3}}},"s":{"0":1,"1":1,"2":1,"3":1,"4":1,"5":1,"6":1,"7":1,"10":1,"11":1,"20":1,"21":1,"22":1,"23":1,"24":1,"25":1,"26":1,"28":1,"29":5,"30":5,"31":5,"32":1,"34":1,"35":1,"36":1,"37":1,"38":1,"39":1,"41":1,"42":1,"44":1,"45":1,"46":1,"47":1,"48":1,"49":1,"51":1,"52":1,"54":1,"55":1,"57":1,"58":1,"59":1,"60":1,"61":1,"63":1,"64":1,"66":1,"67":1,"68":1,"69":1,"70":1,"71":1,"73":1,"75":1,"76":1,"78":1,"79":1,"81":1,"82":1,"83":1,"84":1,"85":1,"87":1,"89":1,"90":1,"91":1},"branchMap":{"0":{"type":"branch","line":21,"loc":{"start":{"line":21,"column":32},"end":{"line":92,"column":3}},"locations":[{"start":{"line":21,"column":32},"end":{"line":92,"column":3}}]},"1":{"type":"branch","line":29,"loc":{"start":{"line":29,"column":13},"end":{"line":33,"column":3}},"locations":[{"start":{"line":29,"column":13},"end":{"line":33,"column":3}}]},"2":{"type":"branch","line":35,"loc":{"start":{"line":35,"column":26},"end":{"line":43,"column":3}},"locations":[{"start":{"line":35,"column":26},"end":{"line":43,"column":3}}]},"3":{"type":"branch","line":45,"loc":{"start":{"line":45,"column":62},"end":{"line":53,"column":3}},"locations":[{"start":{"line":45,"column":62},"end":{"line":53,"column":3}}]},"4":{"type":"branch","line":55,"loc":{"start":{"line":55,"column":58},"end":{"line":65,"column":3}},"locations":[{"start":{"line":55,"column":58},"end":{"line":65,"column":3}}]},"5":{"type":"branch","line":67,"loc":{"start":{"line":67,"column":86},"end":{"line":77,"column":3}},"locations":[{"start":{"line":67,"column":86},"end":{"line":77,"column":3}}]},"6":{"type":"branch","line":79,"loc":{"start":{"line":79,"column":85},"end":{"line":91,"column":3}},"locations":[{"start":{"line":79,"column":85},"end":{"line":91,"column":3}}]}},"b":{"0":[1],"1":[5],"2":[1],"3":[1],"4":[1],"5":[1],"6":[1]},"fnMap":{},"f":{}}
,"D:\\Programs_VScode\\RS-School-React\\firsttask\\src\\components\\Flyout\\Flyout.tsx": {"path":"D:\\Programs_VScode\\RS-School-React\\firsttask\\src\\components\\Flyout\\Flyout.tsx","all":false,"statementMap":{"0":{"start":{"line":1,"column":0},"end":{"line":1,"column":52}},"1":{"start":{"line":2,"column":0},"end":{"line":2,"column":52}},"2":{"start":{"line":3,"column":0},"end":{"line":3,"column":60}},"3":{"start":{"line":4,"column":0},"end":{"line":4,"column":41}},"4":{"start":{"line":5,"column":0},"end":{"line":5,"column":56}},"6":{"start":{"line":7,"column":0},"end":{"line":7,"column":32}},"7":{"start":{"line":8,"column":0},"end":{"line":8,"column":50}},"8":{"start":{"line":9,"column":0},"end":{"line":9,"column":43}},"9":{"start":{"line":10,"column":0},"end":{"line":10,"column":66}},"10":{"start":{"line":11,"column":0},"end":{"line":11,"column":65}},"12":{"start":{"line":13,"column":0},"end":{"line":13,"column":81}},"13":{"start":{"line":14,"column":0},"end":{"line":14,"column":27}},"14":{"start":{"line":15,"column":0},"end":{"line":15,"column":22}},"15":{"start":{"line":16,"column":0},"end":{"line":16,"column":4}},"17":{"start":{"line":18,"column":0},"end":{"line":18,"column":40}},"18":{"start":{"line":19,"column":0},"end":{"line":19,"column":27}},"19":{"start":{"line":20,"column":0},"end":{"line":20,"column":4}},"21":{"start":{"line":22,"column":0},"end":{"line":22,"column":32}},"22":{"start":{"line":23,"column":0},"end":{"line":23,"column":40}},"23":{"start":{"line":24,"column":0},"end":{"line":24,"column":34}},"24":{"start":{"line":25,"column":0},"end":{"line":25,"column":41}},"25":{"start":{"line":26,"column":0},"end":{"line":26,"column":76}},"26":{"start":{"line":27,"column":0},"end":{"line":27,"column":38}},"27":{"start":{"line":28,"column":0},"end":{"line":28,"column":32}},"28":{"start":{"line":29,"column":0},"end":{"line":29,"column":33}},"29":{"start":{"line":30,"column":0},"end":{"line":30,"column":7}},"30":{"start":{"line":31,"column":0},"end":{"line":31,"column":5}},"31":{"start":{"line":32,"column":0},"end":{"line":32,"column":4}},"33":{"start":{"line":34,"column":0},"end":{"line":34,"column":19}},"34":{"start":{"line":35,"column":0},"end":{"line":35,"column":34}},"35":{"start":{"line":36,"column":0},"end":{"line":36,"column":24}},"36":{"start":{"line":37,"column":0},"end":{"line":37,"column":12}},"37":{"start":{"line":38,"column":0},"end":{"line":38,"column":25}},"38":{"start":{"line":39,"column":0},"end":{"line":39,"column":5}},"39":{"start":{"line":40,"column":0},"end":{"line":40,"column":19}},"41":{"start":{"line":42,"column":0},"end":{"line":42,"column":43}},"43":{"start":{"line":44,"column":0},"end":{"line":44,"column":10}},"44":{"start":{"line":45,"column":0},"end":{"line":45,"column":73}},"45":{"start":{"line":46,"column":0},"end":{"line":46,"column":77}},"46":{"start":{"line":47,"column":0},"end":{"line":47,"column":54}},"47":{"start":{"line":48,"column":0},"end":{"line":48,"column":15}},"48":{"start":{"line":49,"column":0},"end":{"line":49,"column":21}},"49":{"start":{"line":50,"column":0},"end":{"line":50,"column":10}},"50":{"start":{"line":51,"column":0},"end":{"line":51,"column":57}},"51":{"start":{"line":52,"column":0},"end":{"line":52,"column":80}},"53":{"start":{"line":54,"column":0},"end":{"line":54,"column":19}},"54":{"start":{"line":55,"column":0},"end":{"line":55,"column":73}},"56":{"start":{"line":57,"column":0},"end":{"line":57,"column":19}},"57":{"start":{"line":58,"column":0},"end":{"line":58,"column":67}},"58":{"start":{"line":59,"column":0},"end":{"line":59,"column":11}},"60":{"start":{"line":61,"column":0},"end":{"line":61,"column":10}},"62":{"start":{"line":63,"column":0},"end":{"line":63,"column":2}},"64":{"start":{"line":65,"column":0},"end":{"line":65,"column":22}}},"s":{"0":1,"1":1,"2":1,"3":1,"4":1,"6":1,"7":12,"8":12,"9":12,"10":12,"12":12,"13":1,"14":1,"15":1,"17":12,"18":2,"19":2,"21":12,"22":1,"23":1,"24":1,"25":1,"26":1,"27":1,"28":0,"29":0,"30":1,"31":1,"33":12,"34":7,"35":2,"36":7,"37":5,"38":5,"39":12,"41":12,"43":8,"44":12,"45":12,"46":12,"47":12,"48":12,"49":6,"50":6,"51":6,"53":6,"54":6,"56":6,"57":6,"58":6,"60":12,"62":12,"64":1},"branchMap":{"0":{"type":"branch","line":7,"loc":{"start":{"line":7,"column":25},"end":{"line":63,"column":2}},"locations":[{"start":{"line":7,"column":25},"end":{"line":63,"column":2}}]},"1":{"type":"branch","line":42,"loc":{"start":{"line":42,"column":31},"end":{"line":42,"column":43}},"locations":[{"start":{"line":42,"column":31},"end":{"line":42,"column":43}}]},"2":{"type":"branch","line":42,"loc":{"start":{"line":42,"column":38},"end":{"line":45,"column":67}},"locations":[{"start":{"line":42,"column":38},"end":{"line":45,"column":67}}]},"3":{"type":"branch","line":42,"loc":{"start":{"line":42,"column":38},"end":{"line":45,"column":51}},"locations":[{"start":{"line":42,"column":38},"end":{"line":45,"column":51}}]},"4":{"type":"branch","line":45,"loc":{"start":{"line":45,"column":40},"end":{"line":45,"column":67}},"locations":[{"start":{"line":45,"column":40},"end":{"line":45,"column":67}}]},"5":{"type":"branch","line":45,"loc":{"start":{"line":45,"column":58},"end":{"line":45,"column":69}},"locations":[{"start":{"line":45,"column":58},"end":{"line":45,"column":69}}]},"6":{"type":"branch","line":47,"loc":{"start":{"line":47,"column":9},"end":{"line":47,"column":38}},"locations":[{"start":{"line":47,"column":9},"end":{"line":47,"column":38}}]},"7":{"type":"branch","line":47,"loc":{"start":{"line":47,"column":20},"end":{"line":47,"column":54}},"locations":[{"start":{"line":47,"column":20},"end":{"line":47,"column":54}}]},"8":{"type":"branch","line":49,"loc":{"start":{"line":49,"column":8},"end":{"line":59,"column":11}},"locations":[{"start":{"line":49,"column":8},"end":{"line":59,"column":11}}]},"9":{"type":"branch","line":10,"loc":{"start":{"line":10,"column":40},"end":{"line":10,"column":64}},"locations":[{"start":{"line":10,"column":40},"end":{"line":10,"column":64}}]},"10":{"type":"branch","line":13,"loc":{"start":{"line":13,"column":32},"end":{"line":16,"column":4}},"locations":[{"start":{"line":13,"column":32},"end":{"line":16,"column":4}}]},"11":{"type":"branch","line":18,"loc":{"start":{"line":18,"column":33},"end":{"line":20,"column":4}},"locations":[{"start":{"line":18,"column":33},"end":{"line":20,"column":4}}]},"12":{"type":"branch","line":22,"loc":{"start":{"line":22,"column":25},"end":{"line":32,"column":4}},"locations":[{"start":{"line":22,"column":25},"end":{"line":32,"column":4}}]},"13":{"type":"branch","line":28,"loc":{"start":{"line":28,"column":31},"end":{"line":30,"column":7}},"locations":[{"start":{"line":28,"column":31},"end":{"line":30,"column":7}}]},"14":{"type":"branch","line":34,"loc":{"start":{"line":34,"column":12},"end":{"line":40,"column":5}},"locations":[{"start":{"line":34,"column":12},"end":{"line":40,"column":5}}]},"15":{"type":"branch","line":35,"loc":{"start":{"line":35,"column":33},"end":{"line":37,"column":11}},"locations":[{"start":{"line":35,"column":33},"end":{"line":37,"column":11}}]},"16":{"type":"branch","line":37,"loc":{"start":{"line":37,"column":4},"end":{"line":39,"column":5}},"locations":[{"start":{"line":37,"column":4},"end":{"line":39,"column":5}}]}},"b":{"0":[12],"1":[4],"2":[10],"3":[8],"4":[2],"5":[6],"6":[2],"7":[6],"8":[6],"9":[22],"10":[1],"11":[2],"12":[1],"13":[0],"14":[7],"15":[2],"16":[5]},"fnMap":{"0":{"name":"Flyout","decl":{"start":{"line":7,"column":25},"end":{"line":63,"column":2}},"loc":{"start":{"line":7,"column":25},"end":{"line":63,"column":2}},"line":7},"1":{"name":"handleClearFavourites","decl":{"start":{"line":13,"column":32},"end":{"line":16,"column":4}},"loc":{"start":{"line":13,"column":32},"end":{"line":16,"column":4}},"line":13},"2":{"name":"handleToggleVisibility","decl":{"start":{"line":18,"column":33},"end":{"line":20,"column":4}},"loc":{"start":{"line":18,"column":33},"end":{"line":20,"column":4}},"line":18},"3":{"name":"handleDownload","decl":{"start":{"line":22,"column":25},"end":{"line":32,"column":4}},"loc":{"start":{"line":22,"column":25},"end":{"line":32,"column":4}},"line":22}},"f":{"0":12,"1":1,"2":2,"3":1}}
,"D:\\Programs_VScode\\RS-School-React\\firsttask\\src\\components\\Flyout\\flyout.test.tsx": {"path":"D:\\Programs_VScode\\RS-School-React\\firsttask\\src\\components\\Flyout\\flyout.test.tsx","all":false,"statementMap":{"0":{"start":{"line":1,"column":0},"end":{"line":1,"column":67}},"1":{"start":{"line":2,"column":0},"end":{"line":2,"column":50}},"2":{"start":{"line":3,"column":0},"end":{"line":3,"column":39}},"3":{"start":{"line":4,"column":0},"end":{"line":4,"column":42}},"4":{"start":{"line":5,"column":0},"end":{"line":5,"column":30}},"5":{"start":{"line":6,"column":0},"end":{"line":6,"column":66}},"6":{"start":{"line":7,"column":0},"end":{"line":7,"column":35}},"13":{"start":{"line":14,"column":0},"end":{"line":14,"column":36}},"14":{"start":{"line":15,"column":0},"end":{"line":15,"column":59}},"15":{"start":{"line":16,"column":0},"end":{"line":16,"column":19}},"16":{"start":{"line":17,"column":0},"end":{"line":17,"column":97}},"17":{"start":{"line":18,"column":0},"end":{"line":18,"column":6}},"19":{"start":{"line":20,"column":0},"end":{"line":20,"column":11}},"20":{"start":{"line":21,"column":0},"end":{"line":21,"column":30}},"21":{"start":{"line":22,"column":0},"end":{"line":22,"column":18}},"22":{"start":{"line":23,"column":0},"end":{"line":23,"column":18}},"23":{"start":{"line":24,"column":0},"end":{"line":24,"column":6}},"25":{"start":{"line":26,"column":0},"end":{"line":26,"column":75}},"26":{"start":{"line":27,"column":0},"end":{"line":27,"column":65}},"27":{"start":{"line":28,"column":0},"end":{"line":28,"column":59}},"28":{"start":{"line":29,"column":0},"end":{"line":29,"column":5}},"30":{"start":{"line":31,"column":0},"end":{"line":31,"column":57}},"31":{"start":{"line":32,"column":0},"end":{"line":32,"column":11}},"32":{"start":{"line":33,"column":0},"end":{"line":33,"column":30}},"33":{"start":{"line":34,"column":0},"end":{"line":34,"column":18}},"34":{"start":{"line":35,"column":0},"end":{"line":35,"column":18}},"35":{"start":{"line":36,"column":0},"end":{"line":36,"column":6}},"37":{"start":{"line":38,"column":0},"end":{"line":38,"column":72}},"38":{"start":{"line":39,"column":0},"end":{"line":39,"column":5}},"40":{"start":{"line":41,"column":0},"end":{"line":41,"column":76}},"41":{"start":{"line":42,"column":0},"end":{"line":42,"column":19}},"42":{"start":{"line":43,"column":0},"end":{"line":43,"column":97}},"43":{"start":{"line":44,"column":0},"end":{"line":44,"column":6}},"45":{"start":{"line":46,"column":0},"end":{"line":46,"column":11}},"46":{"start":{"line":47,"column":0},"end":{"line":47,"column":30}},"47":{"start":{"line":48,"column":0},"end":{"line":48,"column":18}},"48":{"start":{"line":49,"column":0},"end":{"line":49,"column":18}},"49":{"start":{"line":50,"column":0},"end":{"line":50,"column":6}},"51":{"start":{"line":52,"column":0},"end":{"line":52,"column":57}},"52":{"start":{"line":53,"column":0},"end":{"line":53,"column":32}},"53":{"start":{"line":54,"column":0},"end":{"line":54,"column":66}},"55":{"start":{"line":56,"column":0},"end":{"line":56,"column":57}},"56":{"start":{"line":57,"column":0},"end":{"line":57,"column":32}},"57":{"start":{"line":58,"column":0},"end":{"line":58,"column":66}},"58":{"start":{"line":59,"column":0},"end":{"line":59,"column":5}},"60":{"start":{"line":61,"column":0},"end":{"line":61,"column":73}},"61":{"start":{"line":62,"column":0},"end":{"line":62,"column":19}},"62":{"start":{"line":63,"column":0},"end":{"line":63,"column":34}},"63":{"start":{"line":64,"column":0},"end":{"line":64,"column":14}},"64":{"start":{"line":65,"column":0},"end":{"line":65,"column":41}},"65":{"start":{"line":66,"column":0},"end":{"line":66,"column":24}},"66":{"start":{"line":67,"column":0},"end":{"line":67,"column":25}},"67":{"start":{"line":68,"column":0},"end":{"line":68,"column":9}},"68":{"start":{"line":69,"column":0},"end":{"line":69,"column":6}},"70":{"start":{"line":71,"column":0},"end":{"line":71,"column":11}},"71":{"start":{"line":72,"column":0},"end":{"line":72,"column":30}},"72":{"start":{"line":73,"column":0},"end":{"line":73,"column":18}},"73":{"start":{"line":74,"column":0},"end":{"line":74,"column":18}},"74":{"start":{"line":75,"column":0},"end":{"line":75,"column":6}},"76":{"start":{"line":77,"column":0},"end":{"line":77,"column":63}},"77":{"start":{"line":78,"column":0},"end":{"line":78,"column":39}},"79":{"start":{"line":80,"column":0},"end":{"line":80,"column":81}},"80":{"start":{"line":81,"column":0},"end":{"line":81,"column":5}},"82":{"start":{"line":83,"column":0},"end":{"line":83,"column":68}},"83":{"start":{"line":84,"column":0},"end":{"line":84,"column":19}},"84":{"start":{"line":85,"column":0},"end":{"line":85,"column":34}},"85":{"start":{"line":86,"column":0},"end":{"line":86,"column":14}},"86":{"start":{"line":87,"column":0},"end":{"line":87,"column":41}},"87":{"start":{"line":88,"column":0},"end":{"line":88,"column":24}},"88":{"start":{"line":89,"column":0},"end":{"line":89,"column":25}},"89":{"start":{"line":90,"column":0},"end":{"line":90,"column":9}},"90":{"start":{"line":91,"column":0},"end":{"line":91,"column":6}},"92":{"start":{"line":93,"column":0},"end":{"line":93,"column":11}},"93":{"start":{"line":94,"column":0},"end":{"line":94,"column":30}},"94":{"start":{"line":95,"column":0},"end":{"line":95,"column":18}},"95":{"start":{"line":96,"column":0},"end":{"line":96,"column":18}},"96":{"start":{"line":97,"column":0},"end":{"line":97,"column":6}},"99":{"start":{"line":100,"column":0},"end":{"line":100,"column":33}},"100":{"start":{"line":101,"column":0},"end":{"line":101,"column":29}},"101":{"start":{"line":102,"column":0},"end":{"line":102,"column":59}},"102":{"start":{"line":103,"column":0},"end":{"line":103,"column":25}},"103":{"start":{"line":104,"column":0},"end":{"line":104,"column":38}},"104":{"start":{"line":105,"column":0},"end":{"line":105,"column":5}},"106":{"start":{"line":107,"column":0},"end":{"line":107,"column":75}},"107":{"start":{"line":108,"column":0},"end":{"line":108,"column":61}},"108":{"start":{"line":109,"column":0},"end":{"line":109,"column":5}},"109":{"start":{"line":110,"column":0},"end":{"line":110,"column":3}}},"s":{"0":1,"1":1,"2":1,"3":1,"4":1,"5":1,"6":1,"13":1,"14":1,"15":1,"16":1,"17":1,"19":1,"20":1,"21":1,"22":1,"23":1,"25":1,"26":1,"27":1,"28":1,"30":1,"31":1,"32":1,"33":1,"34":1,"35":1,"37":1,"38":1,"40":1,"41":1,"42":1,"43":1,"45":1,"46":1,"47":1,"48":1,"49":1,"51":1,"52":1,"53":1,"55":1,"56":1,"57":1,"58":1,"60":1,"61":1,"62":1,"63":1,"64":1,"65":1,"66":1,"67":1,"68":1,"70":1,"71":1,"72":1,"73":1,"74":1,"76":1,"77":1,"79":1,"80":1,"82":1,"83":1,"84":1,"85":1,"86":1,"87":1,"88":1,"89":1,"90":1,"92":1,"93":1,"94":1,"95":1,"96":1,"99":1,"100":1,"101":1,"102":1,"103":1,"104":1,"106":1,"107":1,"108":1,"109":1},"branchMap":{"0":{"type":"branch","line":14,"loc":{"start":{"line":14,"column":29},"end":{"line":110,"column":3}},"locations":[{"start":{"line":14,"column":29},"end":{"line":110,"column":3}}]},"1":{"type":"branch","line":15,"loc":{"start":{"line":15,"column":52},"end":{"line":29,"column":3}},"locations":[{"start":{"line":15,"column":52},"end":{"line":29,"column":3}}]},"2":{"type":"branch","line":31,"loc":{"start":{"line":31,"column":50},"end":{"line":39,"column":3}},"locations":[{"start":{"line":31,"column":50},"end":{"line":39,"column":3}}]},"3":{"type":"branch","line":41,"loc":{"start":{"line":41,"column":69},"end":{"line":59,"column":3}},"locations":[{"start":{"line":41,"column":69},"end":{"line":59,"column":3}}]},"4":{"type":"branch","line":61,"loc":{"start":{"line":61,"column":66},"end":{"line":81,"column":3}},"locations":[{"start":{"line":61,"column":66},"end":{"line":81,"column":3}}]},"5":{"type":"branch","line":83,"loc":{"start":{"line":83,"column":61},"end":{"line":109,"column":3}},"locations":[{"start":{"line":83,"column":61},"end":{"line":109,"column":3}}]},"6":{"type":"branch","line":102,"loc":{"start":{"line":102,"column":12},"end":{"line":102,"column":57}},"locations":[{"start":{"line":102,"column":12},"end":{"line":102,"column":57}}]}},"b":{"0":[1],"1":[1],"2":[1],"3":[1],"4":[1],"5":[1],"6":[3]},"fnMap":{},"f":{}}
,"D:\\Programs_VScode\\RS-School-React\\firsttask\\src\\components\\Loading\\loading.tsx": {"path":"D:\\Programs_VScode\\RS-School-React\\firsttask\\src\\components\\Loading\\loading.tsx","all":false,"statementMap":{"0":{"start":{"line":1,"column":0},"end":{"line":1,"column":26}},"1":{"start":{"line":2,"column":0},"end":{"line":2,"column":42}},"3":{"start":{"line":4,"column":0},"end":{"line":4,"column":33}},"4":{"start":{"line":5,"column":0},"end":{"line":5,"column":10}},"5":{"start":{"line":6,"column":0},"end":{"line":6,"column":64}},"6":{"start":{"line":7,"column":0},"end":{"line":7,"column":39}},"7":{"start":{"line":8,"column":0},"end":{"line":8,"column":10}},"9":{"start":{"line":10,"column":0},"end":{"line":10,"column":2}},"11":{"start":{"line":12,"column":0},"end":{"line":12,"column":23}}},"s":{"0":1,"1":1,"3":1,"4":3,"5":3,"6":3,"7":3,"9":3,"11":1},"branchMap":{"0":{"type":"branch","line":4,"loc":{"start":{"line":4,"column":26},"end":{"line":10,"column":2}},"locations":[{"start":{"line":4,"column":26},"end":{"line":10,"column":2}}]}},"b":{"0":[3]},"fnMap":{"0":{"name":"Loading","decl":{"start":{"line":4,"column":26},"end":{"line":10,"column":2}},"loc":{"start":{"line":4,"column":26},"end":{"line":10,"column":2}},"line":4}},"f":{"0":3}}
,"D:\\Programs_VScode\\RS-School-React\\firsttask\\src\\components\\Pagination\\Pagination.tsx": {"path":"D:\\Programs_VScode\\RS-School-React\\firsttask\\src\\components\\Pagination\\Pagination.tsx","all":false,"statementMap":{"0":{"start":{"line":1,"column":0},"end":{"line":1,"column":41}},"1":{"start":{"line":2,"column":0},"end":{"line":2,"column":64}},"3":{"start":{"line":4,"column":0},"end":{"line":4,"column":60}},"4":{"start":{"line":5,"column":0},"end":{"line":5,"column":52}},"5":{"start":{"line":6,"column":0},"end":{"line":6,"column":60}},"7":{"start":{"line":8,"column":0},"end":{"line":8,"column":45}},"14":{"start":{"line":15,"column":0},"end":{"line":15,"column":74}},"15":{"start":{"line":16,"column":0},"end":{"line":16,"column":71}},"17":{"start":{"line":18,"column":0},"end":{"line":18,"column":57}},"18":{"start":{"line":19,"column":0},"end":{"line":19,"column":82}},"24":{"start":{"line":25,"column":0},"end":{"line":25,"column":60}},"25":{"start":{"line":26,"column":0},"end":{"line":26,"column":33}},"27":{"start":{"line":28,"column":0},"end":{"line":28,"column":76}},"29":{"start":{"line":30,"column":0},"end":{"line":30,"column":19}},"30":{"start":{"line":31,"column":0},"end":{"line":31,"column":15}},"31":{"start":{"line":32,"column":0},"end":{"line":32,"column":48}},"32":{"start":{"line":33,"column":0},"end":{"line":33,"column":5}},"33":{"start":{"line":34,"column":0},"end":{"line":34,"column":25}},"34":{"start":{"line":35,"column":0},"end":{"line":35,"column":64}},"36":{"start":{"line":37,"column":0},"end":{"line":37,"column":46}},"37":{"start":{"line":38,"column":0},"end":{"line":38,"column":25}},"38":{"start":{"line":39,"column":0},"end":{"line":39,"column":21}},"39":{"start":{"line":40,"column":0},"end":{"line":40,"column":28}},"40":{"start":{"line":41,"column":0},"end":{"line":41,"column":26}},"41":{"start":{"line":42,"column":0},"end":{"line":42,"column":7}},"42":{"start":{"line":43,"column":0},"end":{"line":43,"column":53}},"43":{"start":{"line":44,"column":0},"end":{"line":44,"column":4}},"45":{"start":{"line":46,"column":0},"end":{"line":46,"column":10}},"46":{"start":{"line":47,"column":0},"end":{"line":47,"column":6}},"47":{"start":{"line":48,"column":0},"end":{"line":48,"column":25}},"48":{"start":{"line":49,"column":0},"end":{"line":49,"column":43}},"49":{"start":{"line":50,"column":0},"end":{"line":50,"column":17}},"50":{"start":{"line":51,"column":0},"end":{"line":51,"column":64}},"51":{"start":{"line":52,"column":0},"end":{"line":52,"column":28}},"52":{"start":{"line":53,"column":0},"end":{"line":53,"column":48}},"53":{"start":{"line":54,"column":0},"end":{"line":54,"column":14}},"54":{"start":{"line":55,"column":0},"end":{"line":55,"column":40}},"55":{"start":{"line":56,"column":0},"end":{"line":56,"column":11}},"57":{"start":{"line":58,"column":0},"end":{"line":58,"column":19}},"58":{"start":{"line":59,"column":0},"end":{"line":59,"column":40}},"59":{"start":{"line":60,"column":0},"end":{"line":60,"column":19}},"60":{"start":{"line":61,"column":0},"end":{"line":61,"column":24}},"61":{"start":{"line":62,"column":0},"end":{"line":62,"column":30}},"62":{"start":{"line":63,"column":0},"end":{"line":63,"column":39}},"63":{"start":{"line":64,"column":0},"end":{"line":64,"column":16}},"64":{"start":{"line":65,"column":0},"end":{"line":65,"column":67}},"66":{"start":{"line":67,"column":0},"end":{"line":67,"column":20}},"67":{"start":{"line":68,"column":0},"end":{"line":68,"column":21}},"68":{"start":{"line":69,"column":0},"end":{"line":69,"column":13}},"69":{"start":{"line":70,"column":0},"end":{"line":70,"column":17}},"70":{"start":{"line":71,"column":0},"end":{"line":71,"column":73}},"71":{"start":{"line":72,"column":0},"end":{"line":72,"column":28}},"72":{"start":{"line":73,"column":0},"end":{"line":73,"column":48}},"73":{"start":{"line":74,"column":0},"end":{"line":74,"column":14}},"74":{"start":{"line":75,"column":0},"end":{"line":75,"column":49}},"75":{"start":{"line":76,"column":0},"end":{"line":76,"column":11}},"77":{"start":{"line":78,"column":0},"end":{"line":78,"column":19}},"78":{"start":{"line":79,"column":0},"end":{"line":79,"column":14}},"80":{"start":{"line":81,"column":0},"end":{"line":81,"column":10}},"82":{"start":{"line":83,"column":0},"end":{"line":83,"column":7}},"84":{"start":{"line":85,"column":0},"end":{"line":85,"column":2}},"86":{"start":{"line":87,"column":0},"end":{"line":87,"column":26}}},"s":{"0":1,"1":1,"3":1,"4":1,"5":1,"7":1,"14":1,"15":29,"17":29,"18":29,"24":29,"25":29,"27":29,"29":29,"30":29,"31":5,"32":5,"33":29,"34":29,"36":29,"37":1,"38":1,"39":1,"40":1,"41":1,"42":1,"43":1,"45":29,"46":29,"47":29,"48":5,"49":5,"50":5,"51":5,"52":0,"53":0,"54":5,"55":5,"57":5,"58":5,"59":25,"60":25,"61":25,"62":1,"63":1,"64":25,"66":25,"67":25,"68":5,"69":5,"70":5,"71":5,"72":0,"73":0,"74":5,"75":5,"77":5,"78":5,"80":24,"82":29,"84":29,"86":1},"branchMap":{"0":{"type":"branch","line":15,"loc":{"start":{"line":15,"column":46},"end":{"line":85,"column":2}},"locations":[{"start":{"line":15,"column":46},"end":{"line":85,"column":2}}]},"1":{"type":"branch","line":48,"loc":{"start":{"line":48,"column":20},"end":{"line":79,"column":14}},"locations":[{"start":{"line":48,"column":20},"end":{"line":79,"column":14}}]},"2":{"type":"branch","line":51,"loc":{"start":{"line":51,"column":50},"end":{"line":51,"column":64}},"locations":[{"start":{"line":51,"column":50},"end":{"line":51,"column":64}}]},"3":{"type":"branch","line":71,"loc":{"start":{"line":71,"column":39},"end":{"line":71,"column":70}},"locations":[{"start":{"line":71,"column":39},"end":{"line":71,"column":70}}]},"4":{"type":"branch","line":79,"loc":{"start":{"line":79,"column":8},"end":{"line":81,"column":10}},"locations":[{"start":{"line":79,"column":8},"end":{"line":81,"column":10}}]},"5":{"type":"branch","line":19,"loc":{"start":{"line":19,"column":53},"end":{"line":19,"column":80}},"locations":[{"start":{"line":19,"column":53},"end":{"line":19,"column":80}}]},"6":{"type":"branch","line":28,"loc":{"start":{"line":28,"column":59},"end":{"line":28,"column":74}},"locations":[{"start":{"line":28,"column":59},"end":{"line":28,"column":74}}]},"7":{"type":"branch","line":30,"loc":{"start":{"line":30,"column":12},"end":{"line":35,"column":5}},"locations":[{"start":{"line":30,"column":12},"end":{"line":35,"column":5}}]},"8":{"type":"branch","line":31,"loc":{"start":{"line":31,"column":14},"end":{"line":33,"column":5}},"locations":[{"start":{"line":31,"column":14},"end":{"line":33,"column":5}}]},"9":{"type":"branch","line":37,"loc":{"start":{"line":37,"column":27},"end":{"line":44,"column":4}},"locations":[{"start":{"line":37,"column":27},"end":{"line":44,"column":4}}]},"10":{"type":"branch","line":59,"loc":{"start":{"line":59,"column":29},"end":{"line":68,"column":21}},"locations":[{"start":{"line":59,"column":29},"end":{"line":68,"column":21}}]},"11":{"type":"branch","line":65,"loc":{"start":{"line":65,"column":34},"end":{"line":65,"column":64}},"locations":[{"start":{"line":65,"column":34},"end":{"line":65,"column":64}}]},"12":{"type":"branch","line":65,"loc":{"start":{"line":65,"column":55},"end":{"line":65,"column":67}},"locations":[{"start":{"line":65,"column":55},"end":{"line":65,"column":67}}]},"13":{"type":"branch","line":62,"loc":{"start":{"line":62,"column":23},"end":{"line":64,"column":16}},"locations":[{"start":{"line":62,"column":23},"end":{"line":64,"column":16}}]}},"b":{"0":[29],"1":[5],"2":[0],"3":[0],"4":[24],"5":[58],"6":[49],"7":[29],"8":[5],"9":[1],"10":[25],"11":[5],"12":[20],"13":[1]},"fnMap":{"0":{"name":"Pagination","decl":{"start":{"line":15,"column":46},"end":{"line":85,"column":2}},"loc":{"start":{"line":15,"column":46},"end":{"line":85,"column":2}},"line":15},"1":{"name":"handlePageChange","decl":{"start":{"line":37,"column":27},"end":{"line":44,"column":4}},"loc":{"start":{"line":37,"column":27},"end":{"line":44,"column":4}},"line":37},"2":{"name":"onClick","decl":{"start":{"line":52,"column":21},"end":{"line":54,"column":14}},"loc":{"start":{"line":52,"column":21},"end":{"line":54,"column":14}},"line":52},"3":{"name":"onClick","decl":{"start":{"line":62,"column":23},"end":{"line":64,"column":16}},"loc":{"start":{"line":62,"column":23},"end":{"line":64,"column":16}},"line":62},"4":{"name":"onClick","decl":{"start":{"line":72,"column":21},"end":{"line":74,"column":14}},"loc":{"start":{"line":72,"column":21},"end":{"line":74,"column":14}},"line":72}},"f":{"0":29,"1":1,"2":0,"3":1,"4":0}}
,"D:\\Programs_VScode\\RS-School-React\\firsttask\\src\\components\\Pagination\\pagination.test.tsx": {"path":"D:\\Programs_VScode\\RS-School-React\\firsttask\\src\\components\\Pagination\\pagination.test.tsx","all":false,"statementMap":{"0":{"start":{"line":1,"column":0},"end":{"line":1,"column":76}},"1":{"start":{"line":2,"column":0},"end":{"line":2,"column":39}},"2":{"start":{"line":3,"column":0},"end":{"line":3,"column":63}},"3":{"start":{"line":4,"column":0},"end":{"line":4,"column":50}},"4":{"start":{"line":5,"column":0},"end":{"line":5,"column":69}},"5":{"start":{"line":6,"column":0},"end":{"line":6,"column":64}},"6":{"start":{"line":7,"column":0},"end":{"line":7,"column":35}},"8":{"start":{"line":9,"column":0},"end":{"line":9,"column":35}},"9":{"start":{"line":10,"column":0},"end":{"line":10,"column":34}},"49":{"start":{"line":50,"column":0},"end":{"line":50,"column":48}},"51":{"start":{"line":52,"column":0},"end":{"line":52,"column":29}},"52":{"start":{"line":53,"column":0},"end":{"line":53,"column":25}},"53":{"start":{"line":54,"column":0},"end":{"line":54,"column":53}},"54":{"start":{"line":55,"column":0},"end":{"line":55,"column":6}},"55":{"start":{"line":56,"column":0},"end":{"line":56,"column":16}},"56":{"start":{"line":57,"column":0},"end":{"line":57,"column":28}},"57":{"start":{"line":58,"column":0},"end":{"line":58,"column":20}},"58":{"start":{"line":59,"column":0},"end":{"line":59,"column":16}},"59":{"start":{"line":60,"column":0},"end":{"line":60,"column":41}},"60":{"start":{"line":61,"column":0},"end":{"line":61,"column":17}},"61":{"start":{"line":62,"column":0},"end":{"line":62,"column":21}},"62":{"start":{"line":63,"column":0},"end":{"line":63,"column":16}},"63":{"start":{"line":64,"column":0},"end":{"line":64,"column":4}},"64":{"start":{"line":65,"column":0},"end":{"line":65,"column":2}},"66":{"start":{"line":67,"column":0},"end":{"line":67,"column":40}},"67":{"start":{"line":68,"column":0},"end":{"line":68,"column":58}},"68":{"start":{"line":69,"column":0},"end":{"line":69,"column":29}},"69":{"start":{"line":70,"column":0},"end":{"line":70,"column":19}},"70":{"start":{"line":71,"column":0},"end":{"line":71,"column":22}},"71":{"start":{"line":72,"column":0},"end":{"line":72,"column":23}},"72":{"start":{"line":73,"column":0},"end":{"line":73,"column":8}},"73":{"start":{"line":74,"column":0},"end":{"line":74,"column":7}},"75":{"start":{"line":76,"column":0},"end":{"line":76,"column":79}},"77":{"start":{"line":78,"column":0},"end":{"line":78,"column":25}},"78":{"start":{"line":79,"column":0},"end":{"line":79,"column":54}},"79":{"start":{"line":80,"column":0},"end":{"line":80,"column":76}},"80":{"start":{"line":81,"column":0},"end":{"line":81,"column":80}},"81":{"start":{"line":82,"column":0},"end":{"line":82,"column":53}},"82":{"start":{"line":83,"column":0},"end":{"line":83,"column":7}},"83":{"start":{"line":84,"column":0},"end":{"line":84,"column":5}},"85":{"start":{"line":86,"column":0},"end":{"line":86,"column":103}},"86":{"start":{"line":87,"column":0},"end":{"line":87,"column":29}},"87":{"start":{"line":88,"column":0},"end":{"line":88,"column":19}},"88":{"start":{"line":89,"column":0},"end":{"line":89,"column":22}},"89":{"start":{"line":90,"column":0},"end":{"line":90,"column":23}},"90":{"start":{"line":91,"column":0},"end":{"line":91,"column":8}},"91":{"start":{"line":92,"column":0},"end":{"line":92,"column":7}},"93":{"start":{"line":94,"column":0},"end":{"line":94,"column":79}},"95":{"start":{"line":96,"column":0},"end":{"line":96,"column":43}},"97":{"start":{"line":98,"column":0},"end":{"line":98,"column":25}},"98":{"start":{"line":99,"column":0},"end":{"line":99,"column":57}},"99":{"start":{"line":100,"column":0},"end":{"line":100,"column":7}},"100":{"start":{"line":101,"column":0},"end":{"line":101,"column":5}},"102":{"start":{"line":103,"column":0},"end":{"line":103,"column":60}},"103":{"start":{"line":104,"column":0},"end":{"line":104,"column":29}},"104":{"start":{"line":105,"column":0},"end":{"line":105,"column":19}},"105":{"start":{"line":106,"column":0},"end":{"line":106,"column":22}},"106":{"start":{"line":107,"column":0},"end":{"line":107,"column":23}},"107":{"start":{"line":108,"column":0},"end":{"line":108,"column":8}},"108":{"start":{"line":109,"column":0},"end":{"line":109,"column":7}},"110":{"start":{"line":111,"column":0},"end":{"line":111,"column":79}},"112":{"start":{"line":113,"column":0},"end":{"line":113,"column":25}},"113":{"start":{"line":114,"column":0},"end":{"line":114,"column":54}},"114":{"start":{"line":115,"column":0},"end":{"line":115,"column":7}},"115":{"start":{"line":116,"column":0},"end":{"line":116,"column":5}},"117":{"start":{"line":118,"column":0},"end":{"line":118,"column":59}},"118":{"start":{"line":119,"column":0},"end":{"line":119,"column":29}},"119":{"start":{"line":120,"column":0},"end":{"line":120,"column":19}},"120":{"start":{"line":121,"column":0},"end":{"line":121,"column":22}},"121":{"start":{"line":122,"column":0},"end":{"line":122,"column":23}},"122":{"start":{"line":123,"column":0},"end":{"line":123,"column":8}},"123":{"start":{"line":124,"column":0},"end":{"line":124,"column":7}},"125":{"start":{"line":126,"column":0},"end":{"line":126,"column":79}},"127":{"start":{"line":128,"column":0},"end":{"line":128,"column":25}},"128":{"start":{"line":129,"column":0},"end":{"line":129,"column":50}},"129":{"start":{"line":130,"column":0},"end":{"line":130,"column":40}},"130":{"start":{"line":131,"column":0},"end":{"line":131,"column":55}},"131":{"start":{"line":132,"column":0},"end":{"line":132,"column":7}},"132":{"start":{"line":133,"column":0},"end":{"line":133,"column":5}},"133":{"start":{"line":134,"column":0},"end":{"line":134,"column":3}}},"s":{"0":1,"1":1,"2":1,"3":1,"4":1,"5":1,"6":1,"8":1,"9":1,"49":1,"51":1,"52":4,"53":4,"54":4,"55":4,"56":4,"57":4,"58":4,"59":4,"60":4,"61":4,"62":4,"63":4,"64":4,"66":1,"67":1,"68":1,"69":1,"70":1,"71":1,"72":1,"73":1,"75":1,"77":1,"78":1,"79":1,"80":1,"81":1,"82":1,"83":1,"85":1,"86":1,"87":1,"88":1,"89":1,"90":1,"91":1,"93":1,"95":1,"97":1,"98":1,"99":1,"100":1,"102":1,"103":1,"104":1,"105":1,"106":1,"107":1,"108":1,"110":1,"112":1,"113":1,"114":1,"115":1,"117":1,"118":1,"119":1,"120":1,"121":1,"122":1,"123":1,"125":1,"127":1,"128":1,"129":1,"130":1,"131":1,"132":1,"133":1},"branchMap":{"0":{"type":"branch","line":52,"loc":{"start":{"line":52,"column":28},"end":{"line":65,"column":2}},"locations":[{"start":{"line":52,"column":28},"end":{"line":65,"column":2}}]},"1":{"type":"branch","line":67,"loc":{"start":{"line":67,"column":33},"end":{"line":134,"column":3}},"locations":[{"start":{"line":67,"column":33},"end":{"line":134,"column":3}}]},"2":{"type":"branch","line":68,"loc":{"start":{"line":68,"column":45},"end":{"line":84,"column":3}},"locations":[{"start":{"line":68,"column":45},"end":{"line":84,"column":3}}]},"3":{"type":"branch","line":78,"loc":{"start":{"line":78,"column":18},"end":{"line":83,"column":5}},"locations":[{"start":{"line":78,"column":18},"end":{"line":83,"column":5}}]},"4":{"type":"branch","line":86,"loc":{"start":{"line":86,"column":90},"end":{"line":101,"column":3}},"locations":[{"start":{"line":86,"column":90},"end":{"line":101,"column":3}}]},"5":{"type":"branch","line":98,"loc":{"start":{"line":98,"column":18},"end":{"line":100,"column":5}},"locations":[{"start":{"line":98,"column":18},"end":{"line":100,"column":5}}]},"6":{"type":"branch","line":103,"loc":{"start":{"line":103,"column":47},"end":{"line":116,"column":3}},"locations":[{"start":{"line":103,"column":47},"end":{"line":116,"column":3}}]},"7":{"type":"branch","line":113,"loc":{"start":{"line":113,"column":18},"end":{"line":115,"column":5}},"locations":[{"start":{"line":113,"column":18},"end":{"line":115,"column":5}}]},"8":{"type":"branch","line":118,"loc":{"start":{"line":118,"column":46},"end":{"line":133,"column":3}},"locations":[{"start":{"line":118,"column":46},"end":{"line":133,"column":3}}]},"9":{"type":"branch","line":128,"loc":{"start":{"line":128,"column":18},"end":{"line":132,"column":5}},"locations":[{"start":{"line":128,"column":18},"end":{"line":132,"column":5}}]}},"b":{"0":[4],"1":[1],"2":[1],"3":[1],"4":[1],"5":[1],"6":[1],"7":[1],"8":[1],"9":[1]},"fnMap":{"0":{"name":"renderWithProviders","decl":{"start":{"line":52,"column":28},"end":{"line":65,"column":2}},"loc":{"start":{"line":52,"column":28},"end":{"line":65,"column":2}},"line":52}},"f":{"0":4}}
,"D:\\Programs_VScode\\RS-School-React\\firsttask\\src\\components\\RecipeDetails\\RecipeDetails.tsx": {"path":"D:\\Programs_VScode\\RS-School-React\\firsttask\\src\\components\\RecipeDetails\\RecipeDetails.tsx","all":false,"statementMap":{"0":{"start":{"line":1,"column":0},"end":{"line":1,"column":26}},"1":{"start":{"line":2,"column":0},"end":{"line":2,"column":75}},"3":{"start":{"line":4,"column":0},"end":{"line":4,"column":64}},"4":{"start":{"line":5,"column":0},"end":{"line":5,"column":41}},"5":{"start":{"line":6,"column":0},"end":{"line":6,"column":48}},"6":{"start":{"line":7,"column":0},"end":{"line":7,"column":52}},"7":{"start":{"line":8,"column":0},"end":{"line":8,"column":60}},"8":{"start":{"line":9,"column":0},"end":{"line":9,"column":46}},"10":{"start":{"line":11,"column":0},"end":{"line":11,"column":39}},"11":{"start":{"line":12,"column":0},"end":{"line":12,"column":45}},"13":{"start":{"line":14,"column":0},"end":{"line":14,"column":33}},"14":{"start":{"line":15,"column":0},"end":{"line":15,"column":40}},"15":{"start":{"line":16,"column":0},"end":{"line":16,"column":40}},"16":{"start":{"line":17,"column":0},"end":{"line":17,"column":37}},"18":{"start":{"line":19,"column":0},"end":{"line":19,"column":40}},"19":{"start":{"line":20,"column":0},"end":{"line":20,"column":66}},"21":{"start":{"line":22,"column":0},"end":{"line":22,"column":91}},"23":{"start":{"line":24,"column":0},"end":{"line":24,"column":29}},"24":{"start":{"line":25,"column":0},"end":{"line":25,"column":19}},"25":{"start":{"line":26,"column":0},"end":{"line":26,"column":47}},"26":{"start":{"line":27,"column":0},"end":{"line":27,"column":4}},"28":{"start":{"line":29,"column":0},"end":{"line":29,"column":10}},"29":{"start":{"line":30,"column":0},"end":{"line":30,"column":6}},"30":{"start":{"line":31,"column":0},"end":{"line":31,"column":69}},"31":{"start":{"line":32,"column":0},"end":{"line":32,"column":18}},"32":{"start":{"line":33,"column":0},"end":{"line":33,"column":81}},"33":{"start":{"line":34,"column":0},"end":{"line":34,"column":49}},"34":{"start":{"line":35,"column":0},"end":{"line":35,"column":38}},"35":{"start":{"line":36,"column":0},"end":{"line":36,"column":23}},"36":{"start":{"line":37,"column":0},"end":{"line":37,"column":22}},"37":{"start":{"line":38,"column":0},"end":{"line":38,"column":14}},"38":{"start":{"line":39,"column":0},"end":{"line":39,"column":46}},"39":{"start":{"line":40,"column":0},"end":{"line":40,"column":25}},"40":{"start":{"line":41,"column":0},"end":{"line":41,"column":30}},"41":{"start":{"line":42,"column":0},"end":{"line":42,"column":34}},"42":{"start":{"line":43,"column":0},"end":{"line":43,"column":48}},"43":{"start":{"line":44,"column":0},"end":{"line":44,"column":50}},"44":{"start":{"line":45,"column":0},"end":{"line":45,"column":18}},"45":{"start":{"line":46,"column":0},"end":{"line":46,"column":20}},"46":{"start":{"line":47,"column":0},"end":{"line":47,"column":34}},"47":{"start":{"line":48,"column":0},"end":{"line":48,"column":42}},"48":{"start":{"line":49,"column":0},"end":{"line":49,"column":34}},"49":{"start":{"line":50,"column":0},"end":{"line":50,"column":29}},"50":{"start":{"line":51,"column":0},"end":{"line":51,"column":30}},"51":{"start":{"line":52,"column":0},"end":{"line":52,"column":18}},"52":{"start":{"line":53,"column":0},"end":{"line":53,"column":36}},"53":{"start":{"line":54,"column":0},"end":{"line":54,"column":83}},"54":{"start":{"line":55,"column":0},"end":{"line":55,"column":37}},"55":{"start":{"line":56,"column":0},"end":{"line":56,"column":20}},"56":{"start":{"line":57,"column":0},"end":{"line":57,"column":64}},"57":{"start":{"line":58,"column":0},"end":{"line":58,"column":53}},"58":{"start":{"line":59,"column":0},"end":{"line":59,"column":21}},"59":{"start":{"line":60,"column":0},"end":{"line":60,"column":21}},"61":{"start":{"line":62,"column":0},"end":{"line":62,"column":38}},"62":{"start":{"line":63,"column":0},"end":{"line":63,"column":20}},"63":{"start":{"line":64,"column":0},"end":{"line":64,"column":66}},"64":{"start":{"line":65,"column":0},"end":{"line":65,"column":54}},"65":{"start":{"line":66,"column":0},"end":{"line":66,"column":21}},"66":{"start":{"line":67,"column":0},"end":{"line":67,"column":21}},"68":{"start":{"line":69,"column":0},"end":{"line":69,"column":60}},"69":{"start":{"line":70,"column":0},"end":{"line":70,"column":20}},"70":{"start":{"line":71,"column":0},"end":{"line":71,"column":15}},"72":{"start":{"line":73,"column":0},"end":{"line":73,"column":42}},"74":{"start":{"line":75,"column":0},"end":{"line":75,"column":14}},"76":{"start":{"line":77,"column":0},"end":{"line":77,"column":7}},"78":{"start":{"line":79,"column":0},"end":{"line":79,"column":2}},"80":{"start":{"line":81,"column":0},"end":{"line":81,"column":29}}},"s":{"0":1,"1":1,"3":1,"4":1,"5":1,"6":1,"7":1,"8":1,"10":1,"11":4,"13":4,"14":4,"15":4,"16":4,"18":4,"19":4,"21":4,"23":4,"24":1,"25":1,"26":1,"28":4,"29":4,"30":4,"31":4,"32":4,"33":4,"34":4,"35":1,"36":3,"37":2,"38":2,"39":2,"40":2,"41":2,"42":2,"43":2,"44":2,"45":2,"46":2,"47":2,"48":2,"49":2,"50":2,"51":2,"52":2,"53":2,"54":2,"55":2,"56":2,"57":4,"58":2,"59":2,"61":2,"62":2,"63":2,"64":4,"65":2,"66":2,"68":2,"69":2,"70":2,"72":1,"74":4,"76":4,"78":4,"80":1},"branchMap":{"0":{"type":"branch","line":11,"loc":{"start":{"line":11,"column":32},"end":{"line":79,"column":2}},"locations":[{"start":{"line":11,"column":32},"end":{"line":79,"column":2}}]},"1":{"type":"branch","line":33,"loc":{"start":{"line":33,"column":68},"end":{"line":33,"column":77}},"locations":[{"start":{"line":33,"column":68},"end":{"line":33,"column":77}}]},"2":{"type":"branch","line":34,"loc":{"start":{"line":34,"column":11},"end":{"line":34,"column":49}},"locations":[{"start":{"line":34,"column":11},"end":{"line":34,"column":49}}]},"3":{"type":"branch","line":35,"loc":{"start":{"line":35,"column":11},"end":{"line":35,"column":38}},"locations":[{"start":{"line":35,"column":11},"end":{"line":35,"column":38}}]},"4":{"type":"branch","line":35,"loc":{"start":{"line":35,"column":24},"end":{"line":36,"column":23}},"locations":[{"start":{"line":35,"column":24},"end":{"line":36,"column":23}}]},"5":{"type":"branch","line":36,"loc":{"start":{"line":36,"column":21},"end":{"line":73,"column":42}},"locations":[{"start":{"line":36,"column":21},"end":{"line":73,"column":42}}]},"6":{"type":"branch","line":37,"loc":{"start":{"line":37,"column":14},"end":{"line":71,"column":15}},"locations":[{"start":{"line":37,"column":14},"end":{"line":71,"column":15}}]},"7":{"type":"branch","line":71,"loc":{"start":{"line":71,"column":12},"end":{"line":73,"column":42}},"locations":[{"start":{"line":71,"column":12},"end":{"line":73,"column":42}}]},"8":{"type":"branch","line":20,"loc":{"start":{"line":20,"column":36},"end":{"line":20,"column":64}},"locations":[{"start":{"line":20,"column":36},"end":{"line":20,"column":64}}]},"9":{"type":"branch","line":24,"loc":{"start":{"line":24,"column":22},"end":{"line":27,"column":4}},"locations":[{"start":{"line":24,"column":22},"end":{"line":27,"column":4}}]},"10":{"type":"branch","line":57,"loc":{"start":{"line":57,"column":40},"end":{"line":58,"column":53}},"locations":[{"start":{"line":57,"column":40},"end":{"line":58,"column":53}}]},"11":{"type":"branch","line":64,"loc":{"start":{"line":64,"column":41},"end":{"line":65,"column":54}},"locations":[{"start":{"line":64,"column":41},"end":{"line":65,"column":54}}]}},"b":{"0":[4],"1":[0],"2":[0],"3":[3],"4":[1],"5":[3],"6":[2],"7":[1],"8":[4],"9":[1],"10":[4],"11":[4]},"fnMap":{"0":{"name":"RecipeDetails","decl":{"start":{"line":11,"column":32},"end":{"line":79,"column":2}},"loc":{"start":{"line":11,"column":32},"end":{"line":79,"column":2}},"line":11},"1":{"name":"handleClose","decl":{"start":{"line":24,"column":22},"end":{"line":27,"column":4}},"loc":{"start":{"line":24,"column":22},"end":{"line":27,"column":4}},"line":24}},"f":{"0":4,"1":1}}
,"D:\\Programs_VScode\\RS-School-React\\firsttask\\src\\components\\RecipeDetails\\cardDetails.test.tsx": {"path":"D:\\Programs_VScode\\RS-School-React\\firsttask\\src\\components\\RecipeDetails\\cardDetails.test.tsx","all":false,"statementMap":{"0":{"start":{"line":1,"column":0},"end":{"line":1,"column":76}},"1":{"start":{"line":2,"column":0},"end":{"line":2,"column":50}},"2":{"start":{"line":3,"column":0},"end":{"line":3,"column":35}},"3":{"start":{"line":4,"column":0},"end":{"line":4,"column":83}},"4":{"start":{"line":5,"column":0},"end":{"line":5,"column":73}},"5":{"start":{"line":6,"column":0},"end":{"line":6,"column":64}},"6":{"start":{"line":7,"column":0},"end":{"line":7,"column":39}},"7":{"start":{"line":8,"column":0},"end":{"line":8,"column":46}},"13":{"start":{"line":14,"column":0},"end":{"line":14,"column":33}},"33":{"start":{"line":34,"column":0},"end":{"line":34,"column":37}},"34":{"start":{"line":35,"column":0},"end":{"line":35,"column":25}},"35":{"start":{"line":36,"column":0},"end":{"line":36,"column":16}},"36":{"start":{"line":37,"column":0},"end":{"line":37,"column":17}},"37":{"start":{"line":38,"column":0},"end":{"line":38,"column":4}},"38":{"start":{"line":39,"column":0},"end":{"line":39,"column":12}},"39":{"start":{"line":40,"column":0},"end":{"line":40,"column":19}},"40":{"start":{"line":41,"column":0},"end":{"line":41,"column":4}},"41":{"start":{"line":42,"column":0},"end":{"line":42,"column":3}},"43":{"start":{"line":44,"column":0},"end":{"line":44,"column":31}},"44":{"start":{"line":45,"column":0},"end":{"line":45,"column":3}},"45":{"start":{"line":46,"column":0},"end":{"line":46,"column":24}},"46":{"start":{"line":47,"column":0},"end":{"line":47,"column":31}},"47":{"start":{"line":48,"column":0},"end":{"line":48,"column":4}},"48":{"start":{"line":49,"column":0},"end":{"line":49,"column":2}},"50":{"start":{"line":51,"column":0},"end":{"line":51,"column":45}},"51":{"start":{"line":52,"column":0},"end":{"line":52,"column":73}},"52":{"start":{"line":53,"column":0},"end":{"line":53,"column":16}},"53":{"start":{"line":54,"column":0},"end":{"line":54,"column":28}},"54":{"start":{"line":55,"column":0},"end":{"line":55,"column":40}},"55":{"start":{"line":56,"column":0},"end":{"line":56,"column":16}},"56":{"start":{"line":57,"column":0},"end":{"line":57,"column":4}},"57":{"start":{"line":58,"column":0},"end":{"line":58,"column":2}},"59":{"start":{"line":60,"column":0},"end":{"line":60,"column":43}},"60":{"start":{"line":61,"column":0},"end":{"line":61,"column":57}},"61":{"start":{"line":62,"column":0},"end":{"line":62,"column":62}},"62":{"start":{"line":63,"column":0},"end":{"line":63,"column":22}},"63":{"start":{"line":64,"column":0},"end":{"line":64,"column":24}},"64":{"start":{"line":65,"column":0},"end":{"line":65,"column":21}},"65":{"start":{"line":66,"column":0},"end":{"line":66,"column":17}},"66":{"start":{"line":67,"column":0},"end":{"line":67,"column":7}},"68":{"start":{"line":69,"column":0},"end":{"line":69,"column":35}},"69":{"start":{"line":70,"column":0},"end":{"line":70,"column":64}},"70":{"start":{"line":71,"column":0},"end":{"line":71,"column":5}},"72":{"start":{"line":73,"column":0},"end":{"line":73,"column":54}},"73":{"start":{"line":74,"column":0},"end":{"line":74,"column":62}},"74":{"start":{"line":75,"column":0},"end":{"line":75,"column":23}},"75":{"start":{"line":76,"column":0},"end":{"line":76,"column":24}},"76":{"start":{"line":77,"column":0},"end":{"line":77,"column":21}},"77":{"start":{"line":78,"column":0},"end":{"line":78,"column":13}},"78":{"start":{"line":79,"column":0},"end":{"line":79,"column":14}},"79":{"start":{"line":80,"column":0},"end":{"line":80,"column":41}},"80":{"start":{"line":81,"column":0},"end":{"line":81,"column":53}},"81":{"start":{"line":82,"column":0},"end":{"line":82,"column":23}},"82":{"start":{"line":83,"column":0},"end":{"line":83,"column":47}},"83":{"start":{"line":84,"column":0},"end":{"line":84,"column":69}},"84":{"start":{"line":85,"column":0},"end":{"line":85,"column":10}},"85":{"start":{"line":86,"column":0},"end":{"line":86,"column":37}},"86":{"start":{"line":87,"column":0},"end":{"line":87,"column":28}},"87":{"start":{"line":88,"column":0},"end":{"line":88,"column":28}},"88":{"start":{"line":89,"column":0},"end":{"line":89,"column":8}},"89":{"start":{"line":90,"column":0},"end":{"line":90,"column":7}},"91":{"start":{"line":92,"column":0},"end":{"line":92,"column":35}},"92":{"start":{"line":93,"column":0},"end":{"line":93,"column":25}},"93":{"start":{"line":94,"column":0},"end":{"line":94,"column":79}},"94":{"start":{"line":95,"column":0},"end":{"line":95,"column":72}},"95":{"start":{"line":96,"column":0},"end":{"line":96,"column":67}},"96":{"start":{"line":97,"column":0},"end":{"line":97,"column":68}},"97":{"start":{"line":98,"column":0},"end":{"line":98,"column":7}},"98":{"start":{"line":99,"column":0},"end":{"line":99,"column":5}},"100":{"start":{"line":101,"column":0},"end":{"line":101,"column":80}},"101":{"start":{"line":102,"column":0},"end":{"line":102,"column":62}},"102":{"start":{"line":103,"column":0},"end":{"line":103,"column":23}},"103":{"start":{"line":104,"column":0},"end":{"line":104,"column":24}},"104":{"start":{"line":105,"column":0},"end":{"line":105,"column":21}},"105":{"start":{"line":106,"column":0},"end":{"line":106,"column":17}},"106":{"start":{"line":107,"column":0},"end":{"line":107,"column":7}},"108":{"start":{"line":109,"column":0},"end":{"line":109,"column":38}},"109":{"start":{"line":110,"column":0},"end":{"line":110,"column":25}},"110":{"start":{"line":111,"column":0},"end":{"line":111,"column":78}},"111":{"start":{"line":112,"column":0},"end":{"line":112,"column":7}},"112":{"start":{"line":113,"column":0},"end":{"line":113,"column":5}},"114":{"start":{"line":115,"column":0},"end":{"line":115,"column":76}},"115":{"start":{"line":116,"column":0},"end":{"line":116,"column":62}},"116":{"start":{"line":117,"column":0},"end":{"line":117,"column":23}},"117":{"start":{"line":118,"column":0},"end":{"line":118,"column":24}},"118":{"start":{"line":119,"column":0},"end":{"line":119,"column":21}},"119":{"start":{"line":120,"column":0},"end":{"line":120,"column":13}},"120":{"start":{"line":121,"column":0},"end":{"line":121,"column":14}},"121":{"start":{"line":122,"column":0},"end":{"line":122,"column":41}},"122":{"start":{"line":123,"column":0},"end":{"line":123,"column":53}},"123":{"start":{"line":124,"column":0},"end":{"line":124,"column":23}},"124":{"start":{"line":125,"column":0},"end":{"line":125,"column":47}},"125":{"start":{"line":126,"column":0},"end":{"line":126,"column":69}},"126":{"start":{"line":127,"column":0},"end":{"line":127,"column":10}},"127":{"start":{"line":128,"column":0},"end":{"line":128,"column":37}},"128":{"start":{"line":129,"column":0},"end":{"line":129,"column":28}},"129":{"start":{"line":130,"column":0},"end":{"line":130,"column":28}},"130":{"start":{"line":131,"column":0},"end":{"line":131,"column":8}},"131":{"start":{"line":132,"column":0},"end":{"line":132,"column":7}},"133":{"start":{"line":134,"column":0},"end":{"line":134,"column":35}},"134":{"start":{"line":135,"column":0},"end":{"line":135,"column":25}},"135":{"start":{"line":136,"column":0},"end":{"line":136,"column":79}},"136":{"start":{"line":137,"column":0},"end":{"line":137,"column":7}},"138":{"start":{"line":139,"column":0},"end":{"line":139,"column":47}},"139":{"start":{"line":140,"column":0},"end":{"line":140,"column":48}},"140":{"start":{"line":141,"column":0},"end":{"line":141,"column":5}},"141":{"start":{"line":142,"column":0},"end":{"line":142,"column":3}}},"s":{"0":1,"1":1,"2":1,"3":1,"4":1,"5":1,"6":1,"7":1,"13":1,"33":1,"34":1,"35":1,"36":1,"37":1,"38":1,"39":1,"40":1,"41":1,"43":1,"44":1,"45":1,"46":1,"47":1,"48":1,"50":1,"51":4,"52":4,"53":4,"54":4,"55":4,"56":4,"57":4,"59":1,"60":1,"61":1,"62":1,"63":1,"64":1,"65":1,"66":1,"68":1,"69":1,"70":1,"72":1,"73":1,"74":1,"75":1,"76":1,"77":1,"78":1,"79":1,"80":1,"81":1,"82":1,"83":1,"84":1,"85":1,"86":1,"87":1,"88":1,"89":1,"91":1,"92":1,"93":1,"94":1,"95":1,"96":1,"97":1,"98":1,"100":1,"101":1,"102":1,"103":1,"104":1,"105":1,"106":1,"108":1,"109":1,"110":1,"111":1,"112":1,"114":1,"115":1,"116":1,"117":1,"118":1,"119":1,"120":1,"121":1,"122":1,"123":1,"124":1,"125":1,"126":1,"127":1,"128":1,"129":1,"130":1,"131":1,"133":1,"134":1,"135":1,"136":1,"138":1,"139":1,"140":1,"141":1},"branchMap":{"0":{"type":"branch","line":51,"loc":{"start":{"line":51,"column":25},"end":{"line":58,"column":2}},"locations":[{"start":{"line":51,"column":25},"end":{"line":58,"column":2}}]},"1":{"type":"branch","line":60,"loc":{"start":{"line":60,"column":36},"end":{"line":142,"column":3}},"locations":[{"start":{"line":60,"column":36},"end":{"line":142,"column":3}}]},"2":{"type":"branch","line":61,"loc":{"start":{"line":61,"column":44},"end":{"line":71,"column":3}},"locations":[{"start":{"line":61,"column":44},"end":{"line":71,"column":3}}]},"3":{"type":"branch","line":73,"loc":{"start":{"line":73,"column":41},"end":{"line":99,"column":3}},"locations":[{"start":{"line":73,"column":41},"end":{"line":99,"column":3}}]},"4":{"type":"branch","line":93,"loc":{"start":{"line":93,"column":18},"end":{"line":98,"column":5}},"locations":[{"start":{"line":93,"column":18},"end":{"line":98,"column":5}}]},"5":{"type":"branch","line":101,"loc":{"start":{"line":101,"column":67},"end":{"line":113,"column":3}},"locations":[{"start":{"line":101,"column":67},"end":{"line":113,"column":3}}]},"6":{"type":"branch","line":110,"loc":{"start":{"line":110,"column":18},"end":{"line":112,"column":5}},"locations":[{"start":{"line":110,"column":18},"end":{"line":112,"column":5}}]},"7":{"type":"branch","line":115,"loc":{"start":{"line":115,"column":63},"end":{"line":141,"column":3}},"locations":[{"start":{"line":115,"column":63},"end":{"line":141,"column":3}}]},"8":{"type":"branch","line":135,"loc":{"start":{"line":135,"column":18},"end":{"line":137,"column":5}},"locations":[{"start":{"line":135,"column":18},"end":{"line":137,"column":5}}]}},"b":{"0":[4],"1":[1],"2":[1],"3":[1],"4":[1],"5":[1],"6":[1],"7":[1],"8":[1]},"fnMap":{"0":{"name":"renderWithRouter","decl":{"start":{"line":51,"column":25},"end":{"line":58,"column":2}},"loc":{"start":{"line":51,"column":25},"end":{"line":58,"column":2}},"line":51}},"f":{"0":4}}
,"D:\\Programs_VScode\\RS-School-React\\firsttask\\src\\components\\ResultList\\ResultList.tsx": {"path":"D:\\Programs_VScode\\RS-School-React\\firsttask\\src\\components\\ResultList\\ResultList.tsx","all":false,"statementMap":{"0":{"start":{"line":1,"column":0},"end":{"line":1,"column":40}},"2":{"start":{"line":3,"column":0},"end":{"line":3,"column":41}},"3":{"start":{"line":4,"column":0},"end":{"line":4,"column":46}},"5":{"start":{"line":6,"column":0},"end":{"line":6,"column":60}},"7":{"start":{"line":8,"column":0},"end":{"line":8,"column":45}},"8":{"start":{"line":9,"column":0},"end":{"line":9,"column":52}},"9":{"start":{"line":10,"column":0},"end":{"line":10,"column":60}},"11":{"start":{"line":12,"column":0},"end":{"line":12,"column":37}},"12":{"start":{"line":13,"column":0},"end":{"line":13,"column":64}},"13":{"start":{"line":14,"column":0},"end":{"line":14,"column":46}},"14":{"start":{"line":15,"column":0},"end":{"line":15,"column":58}},"16":{"start":{"line":17,"column":0},"end":{"line":17,"column":39}},"17":{"start":{"line":18,"column":0},"end":{"line":18,"column":66}},"19":{"start":{"line":20,"column":0},"end":{"line":20,"column":90}},"20":{"start":{"line":21,"column":0},"end":{"line":21,"column":32}},"22":{"start":{"line":23,"column":0},"end":{"line":23,"column":10}},"23":{"start":{"line":24,"column":0},"end":{"line":24,"column":70}},"24":{"start":{"line":25,"column":0},"end":{"line":25,"column":38}},"25":{"start":{"line":26,"column":0},"end":{"line":26,"column":44}},"26":{"start":{"line":27,"column":0},"end":{"line":27,"column":49}},"27":{"start":{"line":28,"column":0},"end":{"line":28,"column":38}},"28":{"start":{"line":29,"column":0},"end":{"line":29,"column":23}},"29":{"start":{"line":30,"column":0},"end":{"line":30,"column":47}},"30":{"start":{"line":31,"column":0},"end":{"line":31,"column":35}},"31":{"start":{"line":32,"column":0},"end":{"line":32,"column":64}},"32":{"start":{"line":33,"column":0},"end":{"line":33,"column":25}},"33":{"start":{"line":34,"column":0},"end":{"line":34,"column":30}},"34":{"start":{"line":35,"column":0},"end":{"line":35,"column":34}},"35":{"start":{"line":36,"column":0},"end":{"line":36,"column":48}},"36":{"start":{"line":37,"column":0},"end":{"line":37,"column":50}},"37":{"start":{"line":38,"column":0},"end":{"line":38,"column":18}},"38":{"start":{"line":39,"column":0},"end":{"line":39,"column":21}},"39":{"start":{"line":40,"column":0},"end":{"line":40,"column":73}},"40":{"start":{"line":41,"column":0},"end":{"line":41,"column":41}},"41":{"start":{"line":42,"column":0},"end":{"line":42,"column":47}},"43":{"start":{"line":44,"column":0},"end":{"line":44,"column":84}},"44":{"start":{"line":45,"column":0},"end":{"l
[...]
,"D:\\Programs_VScode\\RS-School-React\\firsttask\\src\\hooks\\useSearchQuery.ts": {"path":"D:\\Programs_VScode\\RS-School-React\\firsttask\\src\\hooks\\useSearchQuery.ts","all":false,"statementMap":{"0":{"start":{"line":1,"column":0},"end":{"line":1,"column":60}},"3":{"start":{"line":4,"column":0},"end":{"line":4,"column":42}},"4":{"start":{"line":5,"column":0},"end":{"line":5,"column":50}},"8":{"start":{"line":9,"column":0},"end":{"line":9,"column":80}},"9":{"start":{"line":10,"column":0},"end":{"line":10,"column":43}},"10":{"start":{"line":11,"column":0},"end":{"line":11,"column":78}},"12":{"start":{"line":13,"column":0},"end":{"line":13,"column":19}},"13":{"start":{"line":14,"column":0},"end":{"line":14,"column":43}},"14":{"start":{"line":15,"column":0},"end":{"line":15,"column":15}},"15":{"start":{"line":16,"column":0},"end":{"line":16,"column":28}},"16":{"start":{"line":17,"column":0},"end":{"line":17,"column":12}},"17":{"start":{"line":18,"column":0},"end":{"line":18,"column":36}},"18":{"start":{"line":19,"column":0},"end":{"line":19,"column":5}},"19":{"start":{"line":20,"column":0},"end":{"line":20,"column":26}},"21":{"start":{"line":22,"column":0},"end":{"line":22,"column":19}},"22":{"start":{"line":23,"column":0},"end":{"line":23,"column":44}},"23":{"start":{"line":24,"column":0},"end":{"line":24,"column":26}},"25":{"start":{"line":26,"column":0},"end":{"line":26,"column":71}},"26":{"start":{"line":27,"column":0},"end":{"line":27,"column":38}},"27":{"start":{"line":28,"column":0},"end":{"line":28,"column":73}},"28":{"start":{"line":29,"column":0},"end":{"line":29,"column":12}},"29":{"start":{"line":30,"column":0},"end":{"line":30,"column":29}},"30":{"start":{"line":31,"column":0},"end":{"line":31,"column":5}},"31":{"start":{"line":32,"column":0},"end":{"line":32,"column":4}},"33":{"start":{"line":34,"column":0},"end":{"line":34,"column":40}},"34":{"start":{"line":35,"column":0},"end":{"line":35,"column":2}},"36":{"start":{"line":37,"column":0},"end":{"line":37,"column":30}}},"s":{"0":1,"3":1,"4":1,"8":1,"9":38,"10":38,"12":38,"13":7,"14":7,"15":1,"16":7,"17":6,"18":6,"19":38,"21":38,"22":19,"23":38,"25":38,"26":12,"27":0,"28":12,"29":12,"30":12,"31":12,"33":38,"34":38,"36":1},"branchMap":{"0":{"type":"branch","line":9,"loc":{"start":{"line":9,"column":23},"end":{"line":35,"column":2}},"locations":[{"start":{"line":9,"column":23},"end":{"line":35,"column":2}}]},"1":{"type":"branch","line":11,"loc":{"start":{"line":11,"column":42},"end":{"line":11,"column":76}},"locations":[{"start":{"line":11,"column":42},"end":{"line":11,"column":76}}]},"2":{"type":"branch","line":13,"loc":{"start":{"line":13,"column":12},"end":{"line":20,"column":5}},"locations":[{"start":{"line":13,"column":12},"end":{"line":20,"column":5}}]},"3":{"type":"branch","line":15,"loc":{"start":{"line":15,"column":14},"end":{"line":17,"column":11}},"locations":[{"start":{"line":15,"column":14},"end":{"line":17,"column":11}}]},"4":{"type":"branch","line":17,"loc":{"start":{"line":17,"column":4},"end":{"line":19,"column":5}},"locations":[{"start":{"line":17,"column":4},"end":{"line":19,"column":5}}]},"5":{"type":"branch","line":22,"loc":{"start":{"line":22,"column":12},"end":{"line":24,"column":5}},"locations":[{"start":{"line":22,"column":12},"end":{"line":24,"column":5}}]},"6":{"type":"branch","line":26,"loc":{"start":{"line":26,"column":59},"end":{"line":32,"column":4}},"locations":[{"start":{"line":26,"column":59},"end":{"line":32,"column":4}}]},"7":{"type":"branch","line":27,"loc":{"start":{"line":27,"column":37},"end":{"line":29,"column":11}},"locations":[{"start":{"line":27,"column":37},"end":{"line":29,"column":11}}]}},"b":{"0":[38],"1":[67],"2":[7],"3":[1],"4":[6],"5":[19],"6":[12],"7":[0]},"fnMap":{"0":{"name":"useSearchQuery","decl":{"start":{"line":9,"column":23},"end":{"line":35,"column":2}},"loc":{"start":{"line":9,"column":23},"end":{"line":35,"column":2}},"line":9},"1":{"name":"setSearchQuery","decl":{"start":{"line":26,"column":59},"end":{"line":32,"column":4}},"loc":{"start":{"line":26,"column":59},"end":{"line":32,"column":4}},"line":26}},"f":{"0":38,"1":12}}
,"D:\\Programs_VScode\\RS-School-React\\firsttask\\src\\providers\\ThemeProvider.tsx": {"path":"D:\\Programs_VScode\\RS-School-React\\firsttask\\src\\providers\\ThemeProvider.tsx","all":false,"statementMap":{"0":{"start":{"line":1,"column":0},"end":{"line":1,"column":49}},"1":{"start":{"line":2,"column":0},"end":{"line":2,"column":55}},"8":{"start":{"line":9,"column":0},"end":{"line":9,"column":84}},"14":{"start":{"line":15,"column":0},"end":{"line":15,"column":71}},"15":{"start":{"line":16,"column":0},"end":{"line":16,"column":89}},"17":{"start":{"line":18,"column":0},"end":{"line":18,"column":29}},"18":{"start":{"line":19,"column":0},"end":{"line":19,"column":37}},"19":{"start":{"line":20,"column":0},"end":{"line":20,"column":4}},"21":{"start":{"line":22,"column":0},"end":{"line":22,"column":10}},"22":{"start":{"line":23,"column":0},"end":{"line":23,"column":99}},"24":{"start":{"line":25,"column":0},"end":{"line":25,"column":2}},"26":{"start":{"line":27,"column":0},"end":{"line":27,"column":29}}},"s":{"0":1,"1":1,"8":1,"14":1,"15":8,"17":8,"18":0,"19":0,"21":8,"22":8,"24":8,"26":1},"branchMap":{"0":{"type":"branch","line":15,"loc":{"start":{"line":15,"column":52},"end":{"line":25,"column":2}},"locations":[{"start":{"line":15,"column":52},"end":{"line":25,"column":2}}]}},"b":{"0":[8]},"fnMap":{"0":{"name":"ThemeProvider","decl":{"start":{"line":15,"column":52},"end":{"line":25,"column":2}},"loc":{"start":{"line":15,"column":52},"end":{"line":25,"column":2}},"line":15},"1":{"name":"toggleTheme","decl":{"start":{"line":18,"column":22},"end":{"line":20,"column":4}},"loc":{"start":{"line":18,"column":22},"end":{"line":20,"column":4}},"line":18}},"f":{"0":8,"1":0}}
,"D:\\Programs_VScode\\RS-School-React\\firsttask\\src\\router\\router.tsx": {"path":"D:\\Programs_VScode\\RS-School-React\\firsttask\\src\\router\\router.tsx","all":true,"statementMap":{"0":{"start":{"line":1,"column":0},"end":{"line":1,"column":55}},"1":{"start":{"line":2,"column":0},"end":{"line":2,"column":29}},"2":{"start":{"line":3,"column":0},"end":{"line":3,"column":70}},"3":{"start":{"line":4,"column":0},"end":{"line":4,"column":47}},"4":{"start":{"line":5,"column":0},"end":{"line":5,"column":48}},"6":{"start":{"line":7,"column":0},"end":{"line":7,"column":23}},"7":{"start":{"line":8,"column":0},"end":{"line":8,"column":3}},"8":{"start":{"line":9,"column":0},"end":{"line":9,"column":14}},"9":{"start":{"line":10,"column":0},"end":{"line":10,"column":21}},"10":{"start":{"line":11,"column":0},"end":{"line":11,"column":32}},"11":{"start":{"line":12,"column":0},"end":{"line":12,"column":15}},"12":{"start":{"line":13,"column":0},"end":{"line":13,"column":7}},"13":{"start":{"line":14,"column":0},"end":{"line":14,"column":28}},"14":{"start":{"line":15,"column":0},"end":{"line":15,"column":35}},"15":{"start":{"line":16,"column":0},"end":{"line":16,"column":8}},"16":{"start":{"line":17,"column":0},"end":{"line":17,"column":6}},"17":{"start":{"line":18,"column":0},"end":{"line":18,"column":4}},"18":{"start":{"line":19,"column":0},"end":{"line":19,"column":3}},"19":{"start":{"line":20,"column":0},"end":{"line":20,"column":14}},"20":{"start":{"line":21,"column":0},"end":{"line":21,"column":26}},"21":{"start":{"line":22,"column":0},"end":{"line":22,"column":4}},"22":{"start":{"line":23,"column":0},"end":{"line":23,"column":2}},"24":{"start":{"line":25,"column":0},"end":{"line":25,"column":50}}},"s":{"0":0,"1":0,"2":0,"3":0,"4":0,"6":0,"7":0,"8":0,"9":0,"10":0,"11":0,"12":0,"13":0,"14":0,"15":0,"16":0,"17":0,"18":0,"19":0,"20":0,"21":0,"22":0,"24":0},"branchMap":{"0":{"type":"branch","line":1,"loc":{"start":{"line":1,"column":568},"end":{"line":25,"column":50}},"locations":[{"start":{"line":1,"column":568},"end":{"line":25,"column":50}}]}},"b":{"0":[0]},"fnMap":{"0":{"name":"(empty-report)","decl":{"start":{"line":1,"column":568},"end":{"line":25,"column":50}},"loc":{"start":{"line":1,"column":568},"end":{"line":25,"column":50}},"line":1}},"f":{"0":0}}
,"D:\\Programs_VScode\\RS-School-React\\firsttask\\src\\store\\store.ts": {"path":"D:\\Programs_VScode\\RS-School-React\\firsttask\\src\\store\\store.ts","all":false,"statementMap":{"0":{"start":{"line":1,"column":0},"end":{"line":1,"column":50}},"1":{"start":{"line":2,"column":0},"end":{"line":2,"column":45}},"2":{"start":{"line":3,"column":0},"end":{"line":3,"column":56}},"3":{"start":{"line":4,"column":0},"end":{"line":4,"column":58}},"4":{"start":{"line":5,"column":0},"end":{"line":5,"column":48}},"5":{"start":{"line":6,"column":0},"end":{"line":6,"column":50}},"7":{"start":{"line":8,"column":0},"end":{"line":8,"column":37}},"8":{"start":{"line":9,"column":0},"end":{"line":9,"column":12}},"9":{"start":{"line":10,"column":0},"end":{"line":10,"column":47}},"10":{"start":{"line":11,"column":0},"end":{"line":11,"column":32}},"11":{"start":{"line":12,"column":0},"end":{"line":12,"column":34}},"12":{"start":{"line":13,"column":0},"end":{"line":13,"column":24}},"13":{"start":{"line":14,"column":0},"end":{"line":14,"column":26}},"14":{"start":{"line":15,"column":0},"end":{"line":15,"column":4}},"15":{"start":{"line":16,"column":0},"end":{"line":16,"column":92}},"16":{"start":{"line":17,"column":0},"end":{"line":17,"column":3}}},"s":{"0":1,"1":1,"2":1,"3":1,"4":1,"5":1,"7":1,"8":1,"9":1,"10":1,"11":1,"12":1,"13":1,"14":1,"15":1,"16":1},"branchMap":{"0":{"type":"branch","line":16,"loc":{"start":{"line":16,"column":14},"end":{"line":16,"column":92}},"locations":[{"start":{"line":16,"column":14},"end":{"line":16,"column":92}}]}},"b":{"0":[4]},"fnMap":{"0":{"name":"middleware","decl":{"start":{"line":16,"column":14},"end":{"line":16,"column":92}},"loc":{"start":{"line":16,"column":14},"end":{"line":16,"column":92}},"line":16}},"f":{"0":4}}
,"D:\\Programs_VScode\\RS-School-React\\firsttask\\src\\store\\slices\\openDetails.slice.ts": {"path":"D:\\Programs_VScode\\RS-School-React\\firsttask\\src\\store\\slices\\openDetails.slice.ts","all":false,"statementMap":{"0":{"start":{"line":1,"column":0},"end":{"line":1,"column":31}},"1":{"start":{"line":2,"column":0},"end":{"line":2,"column":47}},"7":{"start":{"line":8,"column":0},"end":{"line":8,"column":36}},"8":{"start":{"line":9,"column":0},"end":{"line":9,"column":16}},"9":{"start":{"line":10,"column":0},"end":{"line":10,"column":2}},"11":{"start":{"line":12,"column":0},"end":{"line":12,"column":38}},"12":{"start":{"line":13,"column":0},"end":{"line":13,"column":18}},"13":{"start":{"line":14,"column":0},"end":{"line":14,"column":15}},"14":{"start":{"line":15,"column":0},"end":{"line":15,"column":13}},"15":{"start":{"line":16,"column":0},"end":{"line":16,"column":24}},"16":{"start":{"line":17,"column":0},"end":{"line":17,"column":26}},"17":{"start":{"line":18,"column":0},"end":{"line":18,"column":6}},"18":{"start":{"line":19,"column":0},"end":{"line":19,"column":25}},"19":{"start":{"line":20,"column":0},"end":{"line":20,"column":27}},"20":{"start":{"line":21,"column":0},"end":{"line":21,"column":6}},"21":{"start":{"line":22,"column":0},"end":{"line":22,"column":26}},"22":{"start":{"line":23,"column":0},"end":{"line":23,"column":35}},"23":{"start":{"line":24,"column":0},"end":{"line":24,"column":6}},"24":{"start":{"line":25,"column":0},"end":{"line":25,"column":4}},"25":{"start":{"line":26,"column":0},"end":{"line":26,"column":3}},"27":{"start":{"line":28,"column":0},"end":{"line":28,"column":59}},"28":{"start":{"line":29,"column":0},"end":{"line":29,"column":40}}},"s":{"0":1,"1":1,"7":1,"8":1,"9":1,"11":1,"12":1,"13":1,"14":1,"15":1,"16":0,"17":0,"18":1,"19":1,"20":1,"21":1,"22":0,"23":0,"24":1,"25":1,"27":1,"28":1},"branchMap":{"0":{"type":"branch","line":19,"loc":{"start":{"line":19,"column":4},"end":{"line":21,"column":6}},"locations":[{"start":{"line":19,"column":4},"end":{"line":21,"column":6}}]}},"b":{"0":[1]},"fnMap":{"0":{"name":"openDetails","decl":{"start":{"line":16,"column":4},"end":{"line":18,"column":6}},"loc":{"start":{"line":16,"column":4},"end":{"line":18,"column":6}},"line":16},"1":{"name":"closeDetails","decl":{"start":{"line":19,"column":4},"end":{"line":21,"column":6}},"loc":{"start":{"line":19,"column":4},"end":{"line":21,"column":6}},"line":19},"2":{"name":"toggleDetails","decl":{"start":{"line":22,"column":4},"end":{"line":24,"column":6}},"loc":{"start":{"line":22,"column":4},"end":{"line":24,"column":6}},"line":22}},"f":{"0":0,"1":1,"2":0}}
,"D:\\Programs_VScode\\RS-School-React\\firsttask\\src\\store\\slices\\pagination.slice.ts": {"path":"D:\\Programs_VScode\\RS-School-React\\firsttask\\src\\store\\slices\\pagination.slice.ts","all":false,"statementMap":{"0":{"start":{"line":1,"column":0},"end":{"line":1,"column":62}},"7":{"start":{"line":8,"column":0},"end":{"line":8,"column":35}},"8":{"start":{"line":9,"column":0},"end":{"line":9,"column":17}},"9":{"start":{"line":10,"column":0},"end":{"line":10,"column":16}},"10":{"start":{"line":11,"column":0},"end":{"line":11,"column":2}},"12":{"start":{"line":13,"column":0},"end":{"line":13,"column":37}},"13":{"start":{"line":14,"column":0},"end":{"line":14,"column":21}},"14":{"start":{"line":15,"column":0},"end":{"line":15,"column":15}},"15":{"start":{"line":16,"column":0},"end":{"line":16,"column":13}},"16":{"start":{"line":17,"column":0},"end":{"line":17,"column":58}},"17":{"start":{"line":18,"column":0},"end":{"line":18,"column":41}},"18":{"start":{"line":19,"column":0},"end":{"line":19,"column":6}},"19":{"start":{"line":20,"column":0},"end":{"line":20,"column":57}},"20":{"start":{"line":21,"column":0},"end":{"line":21,"column":40}},"21":{"start":{"line":22,"column":0},"end":{"line":22,"column":6}},"22":{"start":{"line":23,"column":0},"end":{"line":23,"column":4}},"23":{"start":{"line":24,"column":0},"end":{"line":24,"column":3}},"25":{"start":{"line":26,"column":0},"end":{"line":26,"column":57}},"27":{"start":{"line":28,"column":0},"end":{"line":28,"column":39}}},"s":{"0":1,"7":1,"8":1,"9":1,"10":1,"12":1,"13":1,"14":1,"15":1,"16":1,"17":26,"18":26,"19":1,"20":0,"21":0,"22":1,"23":1,"25":1,"27":1},"branchMap":{"0":{"type":"branch","line":17,"loc":{"start":{"line":17,"column":4},"end":{"line":19,"column":6}},"locations":[{"start":{"line":17,"column":4},"end":{"line":19,"column":6}}]}},"b":{"0":[26]},"fnMap":{"0":{"name":"setCurrentPage","decl":{"start":{"line":17,"column":4},"end":{"line":19,"column":6}},"loc":{"start":{"line":17,"column":4},"end":{"line":19,"column":6}},"line":17},"1":{"name":"setTotalPages","decl":{"start":{"line":20,"column":4},"end":{"line":22,"column":6}},"loc":{"start":{"line":20,"column":4},"end":{"line":22,"column":6}},"line":20}},"f":{"0":26,"1":0}}
,"D:\\Programs_VScode\\RS-School-React\\firsttask\\src\\store\\slices\\recipes.slice.ts": {"path":"D:\\Programs_VScode\\RS-School-React\\firsttask\\src\\store\\slices\\recipes.slice.ts","all":false,"statementMap":{"0":{"start":{"line":1,"column":0},"end":{"line":1,"column":62}},"13":{"start":{"line":14,"column":0},"end":{"line":14,"column":34}},"14":{"start":{"line":15,"column":0},"end":{"line":15,"column":69}},"15":{"start":{"line":16,"column":0},"end":{"line":16,"column":2}},"17":{"start":{"line":18,"column":0},"end":{"line":18,"column":34}},"18":{"start":{"line":19,"column":0},"end":{"line":19,"column":18}},"19":{"start":{"line":20,"column":0},"end":{"line":20,"column":15}},"20":{"start":{"line":21,"column":0},"end":{"line":21,"column":13}},"21":{"start":{"line":22,"column":0},"end":{"line":22,"column":58}},"22":{"start":{"line":23,"column":0},"end":{"line":23,"column":44}},"23":{"start":{"line":24,"column":0},"end":{"line":24,"column":75}},"24":{"start":{"line":25,"column":0},"end":{"line":25,"column":6}},"25":{"start":{"line":26,"column":0},"end":{"line":26,"column":61}},"26":{"start":{"line":27,"column":0},"end":{"line":27,"column":98}},"27":{"start":{"line":28,"column":0},"end":{"line":28,"column":75}},"28":{"start":{"line":29,"column":0},"end":{"line":29,"column":6}},"29":{"start":{"line":30,"column":0},"end":{"line":30,"column":28}},"30":{"start":{"line":31,"column":0},"end":{"line":31,"column":28}},"31":{"start":{"line":32,"column":0},"end":{"line":32,"column":75}},"32":{"start":{"line":33,"column":0},"end":{"line":33,"column":6}},"33":{"start":{"line":34,"column":0},"end":{"line":34,"column":4}},"34":{"start":{"line":35,"column":0},"end":{"line":35,"column":3}},"36":{"start":{"line":37,"column":0},"end":{"line":37,"column":51}},"37":{"start":{"line":38,"column":0},"end":{"line":38,"column":85}},"38":{"start":{"line":39,"column":0},"end":{"line":39,"column":36}}},"s":{"0":1,"13":1,"14":1,"15":1,"17":1,"18":1,"19":1,"20":1,"21":1,"22":6,"23":6,"24":6,"25":1,"26":0,"27":0,"28":0,"29":1,"30":6,"31":6,"32":6,"33":1,"34":1,"36":1,"37":1,"38":1},"branchMap":{"0":{"type":"branch","line":22,"loc":{"start":{"line":22,"column":4},"end":{"line":25,"column":6}},"locations":[{"start":{"line":22,"column":4},"end":{"line":25,"column":6}}]},"1":{"type":"branch","line":30,"loc":{"start":{"line":30,"column":4},"end":{"line":33,"column":6}},"locations":[{"start":{"line":30,"column":4},"end":{"line":33,"column":6}}]}},"b":{"0":[6],"1":[6]},"fnMap":{"0":{"name":"addFavorite","decl":{"start":{"line":22,"column":4},"end":{"line":25,"column":6}},"loc":{"start":{"line":22,"column":4},"end":{"line":25,"column":6}},"line":22},"1":{"name":"removeFavorite","decl":{"start":{"line":26,"column":4},"end":{"line":29,"column":6}},"loc":{"start":{"line":26,"column":4},"end":{"line":29,"column":6}},"line":26},"2":{"name":"clearFavourites","decl":{"start":{"line":30,"column":4},"end":{"line":33,"column":6}},"loc":{"start":{"line":30,"column":4},"end":{"line":33,"column":6}},"line":30}},"f":{"0":6,"1":0,"2":6}}
,"D:\\Programs_VScode\\RS-School-React\\firsttask\\src\\store\\slices\\search.slice.ts": {"path":"D:\\Programs_VScode\\RS-School-React\\firsttask\\src\\store\\slices\\search.slice.ts","all":false,"statementMap":{"0":{"start":{"line":1,"column":0},"end":{"line":1,"column":62}},"6":{"start":{"line":7,"column":0},"end":{"line":7,"column":31}},"7":{"start":{"line":8,"column":0},"end":{"line":8,"column":19}},"8":{"start":{"line":9,"column":0},"end":{"line":9,"column":2}},"10":{"start":{"line":11,"column":0},"end":{"line":11,"column":33}},"11":{"start":{"line":12,"column":0},"end":{"line":12,"column":17}},"12":{"start":{"line":13,"column":0},"end":{"line":13,"column":15}},"13":{"start":{"line":14,"column":0},"end":{"line":14,"column":13}},"14":{"start":{"line":15,"column":0},"end":{"line":15,"column":59}},"15":{"start":{"line":16,"column":0},"end":{"line":16,"column":42}},"16":{"start":{"line":17,"column":0},"end":{"line":17,"column":6}},"17":{"start":{"line":18,"column":0},"end":{"line":18,"column":4}},"18":{"start":{"line":19,"column":0},"end":{"line":19,"column":3}},"20":{"start":{"line":21,"column":0},"end":{"line":21,"column":49}},"21":{"start":{"line":22,"column":0},"end":{"line":22,"column":35}}},"s":{"0":1,"6":1,"7":1,"8":1,"10":1,"11":1,"12":1,"13":1,"14":1,"15":19,"16":19,"17":1,"18":1,"20":1,"21":1},"branchMap":{"0":{"type":"branch","line":15,"loc":{"start":{"line":15,"column":4},"end":{"line":17,"column":6}},"locations":[{"start":{"line":15,"column":4},"end":{"line":17,"column":6}}]}},"b":{"0":[19]},"fnMap":{"0":{"name":"setSearchString","decl":{"start":{"line":15,"column":4},"end":{"line":17,"column":6}},"loc":{"start":{"line":15,"column":4},"end":{"line":17,"column":6}},"line":15}},"f":{"0":19}}
}
